[2023-06-21 10:15:07,439] {taskinstance.py:1159} INFO - Dependencies all met for <TaskInstance: example_weekday_branch_operator.make_choice scheduled__2023-06-20T00:00:00+00:00 [queued]>
[2023-06-21 10:15:07,446] {taskinstance.py:1159} INFO - Dependencies all met for <TaskInstance: example_weekday_branch_operator.make_choice scheduled__2023-06-20T00:00:00+00:00 [queued]>
[2023-06-21 10:15:07,446] {taskinstance.py:1356} INFO - 
--------------------------------------------------------------------------------
[2023-06-21 10:15:07,446] {taskinstance.py:1357} INFO - Starting attempt 1 of 1
[2023-06-21 10:15:07,446] {taskinstance.py:1358} INFO - 
--------------------------------------------------------------------------------
[2023-06-21 10:15:07,459] {taskinstance.py:1377} INFO - Executing <Task(BranchDayOfWeekOperator): make_choice> on 2023-06-20 00:00:00+00:00
[2023-06-21 10:15:07,461] {standard_task_runner.py:52} INFO - Started process 11480 to run task
[2023-06-21 10:15:07,470] {standard_task_runner.py:79} INFO - Running: ['airflow', 'tasks', 'run', 'example_weekday_branch_operator', 'make_choice', 'scheduled__2023-06-20T00:00:00+00:00', '--job-id', '9', '--raw', '--subdir', '/home/gilmar/Documentos/airflowalura/venv/lib/python3.9/site-packages/airflow/example_dags/example_branch_day_of_week_operator.py', '--cfg-path', '/tmp/tmp0w9ot1j7', '--error-file', '/tmp/tmpd7d9m4nd']
[2023-06-21 10:15:07,471] {standard_task_runner.py:80} INFO - Job 9: Subtask make_choice
[2023-06-21 10:15:07,508] {task_command.py:370} INFO - Running <TaskInstance: example_weekday_branch_operator.make_choice scheduled__2023-06-20T00:00:00+00:00 [running]> on host alura
[2023-06-21 10:15:07,558] {taskinstance.py:1569} INFO - Exporting the following env vars:
AIRFLOW_CTX_DAG_OWNER=airflow
AIRFLOW_CTX_DAG_ID=example_weekday_branch_operator
AIRFLOW_CTX_TASK_ID=make_choice
AIRFLOW_CTX_EXECUTION_DATE=2023-06-20T00:00:00+00:00
AIRFLOW_CTX_TRY_NUMBER=1
AIRFLOW_CTX_DAG_RUN_ID=scheduled__2023-06-20T00:00:00+00:00
[2023-06-21 10:15:07,559] {skipmixin.py:140} INFO - Following branch branch_false
[2023-06-21 10:15:07,559] {skipmixin.py:175} INFO - Skipping tasks ['branch_true']
[2023-06-21 10:15:07,592] {taskinstance.py:1395} INFO - Marking task as SUCCESS. dag_id=example_weekday_branch_operator, task_id=make_choice, execution_date=20230620T000000, start_date=20230621T131507, end_date=20230621T131507
[2023-06-21 10:15:07,649] {local_task_job.py:156} INFO - Task exited with return code 0
[2023-06-21 10:15:07,678] {local_task_job.py:273} INFO - 1 downstream tasks scheduled from follow-on schedule check
