[2023-06-21 16:31:39,002] {taskinstance.py:1159} INFO - Dependencies all met for <TaskInstance: dados_climaticos.cria_pasta scheduled__2022-11-28T00:00:00+00:00 [queued]>
[2023-06-21 16:31:39,007] {taskinstance.py:1159} INFO - Dependencies all met for <TaskInstance: dados_climaticos.cria_pasta scheduled__2022-11-28T00:00:00+00:00 [queued]>
[2023-06-21 16:31:39,008] {taskinstance.py:1356} INFO - 
--------------------------------------------------------------------------------
[2023-06-21 16:31:39,008] {taskinstance.py:1357} INFO - Starting attempt 1 of 1
[2023-06-21 16:31:39,008] {taskinstance.py:1358} INFO - 
--------------------------------------------------------------------------------
[2023-06-21 16:31:39,036] {taskinstance.py:1377} INFO - Executing <Task(BashOperator): cria_pasta> on 2022-11-28 00:00:00+00:00
[2023-06-21 16:31:39,042] {standard_task_runner.py:52} INFO - Started process 10457 to run task
[2023-06-21 16:31:39,046] {standard_task_runner.py:79} INFO - Running: ['airflow', 'tasks', 'run', 'dados_climaticos', 'cria_pasta', 'scheduled__2022-11-28T00:00:00+00:00', '--job-id', '93', '--raw', '--subdir', 'DAGS_FOLDER/dados_climaticos.py', '--cfg-path', '/tmp/tmpk8hqo9ee', '--error-file', '/tmp/tmpwcxet90a']
[2023-06-21 16:31:39,047] {standard_task_runner.py:80} INFO - Job 93: Subtask cria_pasta
[2023-06-21 16:31:39,093] {task_command.py:370} INFO - Running <TaskInstance: dados_climaticos.cria_pasta scheduled__2022-11-28T00:00:00+00:00 [running]> on host alura
[2023-06-21 16:31:39,139] {taskinstance.py:1569} INFO - Exporting the following env vars:
AIRFLOW_CTX_DAG_OWNER=airflow
AIRFLOW_CTX_DAG_ID=dados_climaticos
AIRFLOW_CTX_TASK_ID=cria_pasta
AIRFLOW_CTX_EXECUTION_DATE=2022-11-28T00:00:00+00:00
AIRFLOW_CTX_TRY_NUMBER=1
AIRFLOW_CTX_DAG_RUN_ID=scheduled__2022-11-28T00:00:00+00:00
[2023-06-21 16:31:39,141] {subprocess.py:62} INFO - Tmp dir root location: 
 /tmp
[2023-06-21 16:31:39,142] {subprocess.py:74} INFO - Running command: ['bash', '-c', 'mkdir -p "/home/gilmar/Documentos/airflowalura/semana=2022-12-05"']
[2023-06-21 16:31:39,150] {subprocess.py:85} INFO - Output:
[2023-06-21 16:31:39,154] {subprocess.py:96} INFO - Command exited with return code 0
[2023-06-21 16:31:39,176] {taskinstance.py:1395} INFO - Marking task as SUCCESS. dag_id=dados_climaticos, task_id=cria_pasta, execution_date=20221128T000000, start_date=20230621T193139, end_date=20230621T193139
[2023-06-21 16:31:39,224] {local_task_job.py:156} INFO - Task exited with return code 0
[2023-06-21 16:31:39,250] {local_task_job.py:273} INFO - 1 downstream tasks scheduled from follow-on schedule check
