[2023-06-22 10:05:40,043] {taskinstance.py:1159} INFO - Dependencies all met for <TaskInstance: meu_primeiro_dag.cria_pasta scheduled__2023-06-21T00:00:00+00:00 [queued]>
[2023-06-22 10:05:40,047] {taskinstance.py:1159} INFO - Dependencies all met for <TaskInstance: meu_primeiro_dag.cria_pasta scheduled__2023-06-21T00:00:00+00:00 [queued]>
[2023-06-22 10:05:40,047] {taskinstance.py:1356} INFO - 
--------------------------------------------------------------------------------
[2023-06-22 10:05:40,047] {taskinstance.py:1357} INFO - Starting attempt 1 of 1
[2023-06-22 10:05:40,047] {taskinstance.py:1358} INFO - 
--------------------------------------------------------------------------------
[2023-06-22 10:05:40,057] {taskinstance.py:1377} INFO - Executing <Task(BashOperator): cria_pasta> on 2023-06-21 00:00:00+00:00
[2023-06-22 10:05:40,059] {standard_task_runner.py:52} INFO - Started process 3582 to run task
[2023-06-22 10:05:40,061] {standard_task_runner.py:79} INFO - Running: ['airflow', 'tasks', 'run', 'meu_primeiro_dag', 'cria_pasta', 'scheduled__2023-06-21T00:00:00+00:00', '--job-id', '139', '--raw', '--subdir', 'DAGS_FOLDER/meu_primeiro_dag.py', '--cfg-path', '/tmp/tmpmjnydquo', '--error-file', '/tmp/tmp9y7ik5az']
[2023-06-22 10:05:40,062] {standard_task_runner.py:80} INFO - Job 139: Subtask cria_pasta
[2023-06-22 10:05:40,105] {task_command.py:370} INFO - Running <TaskInstance: meu_primeiro_dag.cria_pasta scheduled__2023-06-21T00:00:00+00:00 [running]> on host alura
[2023-06-22 10:05:40,142] {taskinstance.py:1569} INFO - Exporting the following env vars:
AIRFLOW_CTX_DAG_OWNER=airflow
AIRFLOW_CTX_DAG_ID=meu_primeiro_dag
AIRFLOW_CTX_TASK_ID=cria_pasta
AIRFLOW_CTX_EXECUTION_DATE=2023-06-21T00:00:00+00:00
AIRFLOW_CTX_TRY_NUMBER=1
AIRFLOW_CTX_DAG_RUN_ID=scheduled__2023-06-21T00:00:00+00:00
[2023-06-22 10:05:40,156] {subprocess.py:62} INFO - Tmp dir root location: 
 /tmp
[2023-06-22 10:05:40,157] {subprocess.py:74} INFO - Running command: ['bash', '-c', 'mkdir -p "/home/gilmar/Documentos/airflowalura/pasta=2023-06-22T00:00:00+00:00"']
[2023-06-22 10:05:40,179] {subprocess.py:85} INFO - Output:
[2023-06-22 10:05:40,180] {subprocess.py:96} INFO - Command exited with return code 0
[2023-06-22 10:05:40,204] {taskinstance.py:1395} INFO - Marking task as SUCCESS. dag_id=meu_primeiro_dag, task_id=cria_pasta, execution_date=20230621T000000, start_date=20230622T130540, end_date=20230622T130540
[2023-06-22 10:05:40,237] {local_task_job.py:156} INFO - Task exited with return code 0
[2023-06-22 10:05:40,252] {local_task_job.py:273} INFO - 0 downstream tasks scheduled from follow-on schedule check
