[2023-06-22 10:18:58,052] {taskinstance.py:1159} INFO - Dependencies all met for <TaskInstance: dados_climaticos.extrai_dados scheduled__2022-10-24T00:00:00+00:00 [queued]>
[2023-06-22 10:18:58,059] {taskinstance.py:1159} INFO - Dependencies all met for <TaskInstance: dados_climaticos.extrai_dados scheduled__2022-10-24T00:00:00+00:00 [queued]>
[2023-06-22 10:18:58,059] {taskinstance.py:1356} INFO - 
--------------------------------------------------------------------------------
[2023-06-22 10:18:58,059] {taskinstance.py:1357} INFO - Starting attempt 1 of 1
[2023-06-22 10:18:58,059] {taskinstance.py:1358} INFO - 
--------------------------------------------------------------------------------
[2023-06-22 10:18:58,077] {taskinstance.py:1377} INFO - Executing <Task(PythonOperator): extrai_dados> on 2022-10-24 00:00:00+00:00
[2023-06-22 10:18:58,081] {standard_task_runner.py:52} INFO - Started process 9055 to run task
[2023-06-22 10:18:58,085] {standard_task_runner.py:79} INFO - Running: ['airflow', 'tasks', 'run', 'dados_climaticos', 'extrai_dados', 'scheduled__2022-10-24T00:00:00+00:00', '--job-id', '157', '--raw', '--subdir', 'DAGS_FOLDER/dados_climaticos.py', '--cfg-path', '/tmp/tmpgu_uud_a', '--error-file', '/tmp/tmps9q0569e']
[2023-06-22 10:18:58,086] {standard_task_runner.py:80} INFO - Job 157: Subtask extrai_dados
[2023-06-22 10:18:58,124] {task_command.py:370} INFO - Running <TaskInstance: dados_climaticos.extrai_dados scheduled__2022-10-24T00:00:00+00:00 [running]> on host alura
[2023-06-22 10:18:58,181] {taskinstance.py:1569} INFO - Exporting the following env vars:
AIRFLOW_CTX_DAG_OWNER=airflow
AIRFLOW_CTX_DAG_ID=dados_climaticos
AIRFLOW_CTX_TASK_ID=extrai_dados
AIRFLOW_CTX_EXECUTION_DATE=2022-10-24T00:00:00+00:00
AIRFLOW_CTX_TRY_NUMBER=1
AIRFLOW_CTX_DAG_RUN_ID=scheduled__2022-10-24T00:00:00+00:00
[2023-06-22 10:18:58,872] {python.py:173} INFO - Done. Returned value was: None
[2023-06-22 10:18:58,878] {taskinstance.py:1395} INFO - Marking task as SUCCESS. dag_id=dados_climaticos, task_id=extrai_dados, execution_date=20221024T000000, start_date=20230622T131858, end_date=20230622T131858
[2023-06-22 10:18:58,912] {local_task_job.py:156} INFO - Task exited with return code 0
[2023-06-22 10:18:58,927] {local_task_job.py:273} INFO - 0 downstream tasks scheduled from follow-on schedule check
