[2023-06-21 16:35:39,767] {taskinstance.py:1159} INFO - Dependencies all met for <TaskInstance: dados_climaticos.cria_pasta scheduled__2023-01-16T00:00:00+00:00 [queued]>
[2023-06-21 16:35:39,773] {taskinstance.py:1159} INFO - Dependencies all met for <TaskInstance: dados_climaticos.cria_pasta scheduled__2023-01-16T00:00:00+00:00 [queued]>
[2023-06-21 16:35:39,773] {taskinstance.py:1356} INFO - 
--------------------------------------------------------------------------------
[2023-06-21 16:35:39,773] {taskinstance.py:1357} INFO - Starting attempt 1 of 1
[2023-06-21 16:35:39,773] {taskinstance.py:1358} INFO - 
--------------------------------------------------------------------------------
[2023-06-21 16:35:39,795] {taskinstance.py:1377} INFO - Executing <Task(BashOperator): cria_pasta> on 2023-01-16 00:00:00+00:00
[2023-06-21 16:35:39,803] {standard_task_runner.py:52} INFO - Started process 11753 to run task
[2023-06-21 16:35:39,809] {standard_task_runner.py:79} INFO - Running: ['airflow', 'tasks', 'run', 'dados_climaticos', 'cria_pasta', 'scheduled__2023-01-16T00:00:00+00:00', '--job-id', '107', '--raw', '--subdir', 'DAGS_FOLDER/dados_climaticos.py', '--cfg-path', '/tmp/tmpu9jn9i6f', '--error-file', '/tmp/tmpnmhuyszl']
[2023-06-21 16:35:39,811] {standard_task_runner.py:80} INFO - Job 107: Subtask cria_pasta
[2023-06-21 16:35:39,858] {task_command.py:370} INFO - Running <TaskInstance: dados_climaticos.cria_pasta scheduled__2023-01-16T00:00:00+00:00 [running]> on host alura
[2023-06-21 16:35:39,905] {taskinstance.py:1569} INFO - Exporting the following env vars:
AIRFLOW_CTX_DAG_OWNER=airflow
AIRFLOW_CTX_DAG_ID=dados_climaticos
AIRFLOW_CTX_TASK_ID=cria_pasta
AIRFLOW_CTX_EXECUTION_DATE=2023-01-16T00:00:00+00:00
AIRFLOW_CTX_TRY_NUMBER=1
AIRFLOW_CTX_DAG_RUN_ID=scheduled__2023-01-16T00:00:00+00:00
[2023-06-21 16:35:39,906] {subprocess.py:62} INFO - Tmp dir root location: 
 /tmp
[2023-06-21 16:35:39,907] {subprocess.py:74} INFO - Running command: ['bash', '-c', 'mkdir -p "/home/gilmar/Documentos/airflowalura/semana=2023-01-23"']
[2023-06-21 16:35:39,917] {subprocess.py:85} INFO - Output:
[2023-06-21 16:35:39,919] {subprocess.py:96} INFO - Command exited with return code 0
[2023-06-21 16:35:39,938] {taskinstance.py:1395} INFO - Marking task as SUCCESS. dag_id=dados_climaticos, task_id=cria_pasta, execution_date=20230116T000000, start_date=20230621T193539, end_date=20230621T193539
[2023-06-21 16:35:39,986] {local_task_job.py:156} INFO - Task exited with return code 0
[2023-06-21 16:35:40,019] {local_task_job.py:273} INFO - 1 downstream tasks scheduled from follow-on schedule check
