[2023-06-21 16:31:13,386] {taskinstance.py:1159} INFO - Dependencies all met for <TaskInstance: dados_climaticos.cria_pasta scheduled__2023-05-29T00:00:00+00:00 [queued]>
[2023-06-21 16:31:13,390] {taskinstance.py:1159} INFO - Dependencies all met for <TaskInstance: dados_climaticos.cria_pasta scheduled__2023-05-29T00:00:00+00:00 [queued]>
[2023-06-21 16:31:13,391] {taskinstance.py:1356} INFO - 
--------------------------------------------------------------------------------
[2023-06-21 16:31:13,391] {taskinstance.py:1357} INFO - Starting attempt 1 of 1
[2023-06-21 16:31:13,391] {taskinstance.py:1358} INFO - 
--------------------------------------------------------------------------------
[2023-06-21 16:31:13,403] {taskinstance.py:1377} INFO - Executing <Task(BashOperator): cria_pasta> on 2023-05-29 00:00:00+00:00
[2023-06-21 16:31:13,406] {standard_task_runner.py:52} INFO - Started process 10249 to run task
[2023-06-21 16:31:13,409] {standard_task_runner.py:79} INFO - Running: ['airflow', 'tasks', 'run', 'dados_climaticos', 'cria_pasta', 'scheduled__2023-05-29T00:00:00+00:00', '--job-id', '81', '--raw', '--subdir', 'DAGS_FOLDER/dados_climaticos.py', '--cfg-path', '/tmp/tmpfco9320m', '--error-file', '/tmp/tmp21qinr_q']
[2023-06-21 16:31:13,409] {standard_task_runner.py:80} INFO - Job 81: Subtask cria_pasta
[2023-06-21 16:31:13,439] {task_command.py:370} INFO - Running <TaskInstance: dados_climaticos.cria_pasta scheduled__2023-05-29T00:00:00+00:00 [running]> on host alura
[2023-06-21 16:31:13,476] {taskinstance.py:1569} INFO - Exporting the following env vars:
AIRFLOW_CTX_DAG_OWNER=airflow
AIRFLOW_CTX_DAG_ID=dados_climaticos
AIRFLOW_CTX_TASK_ID=cria_pasta
AIRFLOW_CTX_EXECUTION_DATE=2023-05-29T00:00:00+00:00
AIRFLOW_CTX_TRY_NUMBER=1
AIRFLOW_CTX_DAG_RUN_ID=scheduled__2023-05-29T00:00:00+00:00
[2023-06-21 16:31:13,477] {subprocess.py:62} INFO - Tmp dir root location: 
 /tmp
[2023-06-21 16:31:13,477] {subprocess.py:74} INFO - Running command: ['bash', '-c', 'mkdir -p "/home/gilmar/Documentos/airflowalura/semana=2023-06-05"']
[2023-06-21 16:31:13,485] {subprocess.py:85} INFO - Output:
[2023-06-21 16:31:13,488] {subprocess.py:96} INFO - Command exited with return code 0
[2023-06-21 16:31:13,573] {taskinstance.py:1395} INFO - Marking task as SUCCESS. dag_id=dados_climaticos, task_id=cria_pasta, execution_date=20230529T000000, start_date=20230621T193113, end_date=20230621T193113
[2023-06-21 16:31:13,624] {local_task_job.py:156} INFO - Task exited with return code 0
[2023-06-21 16:31:13,643] {local_task_job.py:273} INFO - 1 downstream tasks scheduled from follow-on schedule check
[2023-06-22 10:18:37,839] {taskinstance.py:1159} INFO - Dependencies all met for <TaskInstance: dados_climaticos.cria_pasta scheduled__2023-05-29T00:00:00+00:00 [queued]>
[2023-06-22 10:18:37,846] {taskinstance.py:1159} INFO - Dependencies all met for <TaskInstance: dados_climaticos.cria_pasta scheduled__2023-05-29T00:00:00+00:00 [queued]>
[2023-06-22 10:18:37,846] {taskinstance.py:1356} INFO - 
--------------------------------------------------------------------------------
[2023-06-22 10:18:37,846] {taskinstance.py:1357} INFO - Starting attempt 1 of 1
[2023-06-22 10:18:37,846] {taskinstance.py:1358} INFO - 
--------------------------------------------------------------------------------
[2023-06-22 10:18:37,857] {taskinstance.py:1377} INFO - Executing <Task(BashOperator): cria_pasta> on 2023-05-29 00:00:00+00:00
[2023-06-22 10:18:37,861] {standard_task_runner.py:52} INFO - Started process 8887 to run task
[2023-06-22 10:18:37,866] {standard_task_runner.py:79} INFO - Running: ['airflow', 'tasks', 'run', 'dados_climaticos', 'cria_pasta', 'scheduled__2023-05-29T00:00:00+00:00', '--job-id', '147', '--raw', '--subdir', 'DAGS_FOLDER/dados_climaticos.py', '--cfg-path', '/tmp/tmp1giil69j', '--error-file', '/tmp/tmpm_7yhazr']
[2023-06-22 10:18:37,867] {standard_task_runner.py:80} INFO - Job 147: Subtask cria_pasta
[2023-06-22 10:18:37,904] {task_command.py:370} INFO - Running <TaskInstance: dados_climaticos.cria_pasta scheduled__2023-05-29T00:00:00+00:00 [running]> on host alura
[2023-06-22 10:18:37,947] {taskinstance.py:1569} INFO - Exporting the following env vars:
AIRFLOW_CTX_DAG_OWNER=airflow
AIRFLOW_CTX_DAG_ID=dados_climaticos
AIRFLOW_CTX_TASK_ID=cria_pasta
AIRFLOW_CTX_EXECUTION_DATE=2023-05-29T00:00:00+00:00
AIRFLOW_CTX_TRY_NUMBER=1
AIRFLOW_CTX_DAG_RUN_ID=scheduled__2023-05-29T00:00:00+00:00
[2023-06-22 10:18:37,948] {subprocess.py:62} INFO - Tmp dir root location: 
 /tmp
[2023-06-22 10:18:37,948] {subprocess.py:74} INFO - Running command: ['bash', '-c', 'mkdir -p "/home/gilmar/Documentos/airflowalura/semana=2023-06-05"']
[2023-06-22 10:18:37,959] {subprocess.py:85} INFO - Output:
[2023-06-22 10:18:37,962] {subprocess.py:96} INFO - Command exited with return code 0
[2023-06-22 10:18:37,982] {taskinstance.py:1395} INFO - Marking task as SUCCESS. dag_id=dados_climaticos, task_id=cria_pasta, execution_date=20230529T000000, start_date=20230622T131837, end_date=20230622T131837
[2023-06-22 10:18:38,002] {local_task_job.py:156} INFO - Task exited with return code 0
[2023-06-22 10:18:38,027] {local_task_job.py:273} INFO - 1 downstream tasks scheduled from follow-on schedule check
