[2023-06-21 16:26:45,451] {taskinstance.py:1159} INFO - Dependencies all met for <TaskInstance: dados_climaticos.cria_pasta scheduled__2022-09-05T00:00:00+00:00 [queued]>
[2023-06-21 16:26:45,457] {taskinstance.py:1159} INFO - Dependencies all met for <TaskInstance: dados_climaticos.cria_pasta scheduled__2022-09-05T00:00:00+00:00 [queued]>
[2023-06-21 16:26:45,457] {taskinstance.py:1356} INFO - 
--------------------------------------------------------------------------------
[2023-06-21 16:26:45,457] {taskinstance.py:1357} INFO - Starting attempt 1 of 1
[2023-06-21 16:26:45,457] {taskinstance.py:1358} INFO - 
--------------------------------------------------------------------------------
[2023-06-21 16:26:45,476] {taskinstance.py:1377} INFO - Executing <Task(BashOperator): cria_pasta> on 2022-09-05 00:00:00+00:00
[2023-06-21 16:26:45,480] {standard_task_runner.py:52} INFO - Started process 8631 to run task
[2023-06-21 16:26:45,483] {standard_task_runner.py:79} INFO - Running: ['airflow', 'tasks', 'run', 'dados_climaticos', 'cria_pasta', 'scheduled__2022-09-05T00:00:00+00:00', '--job-id', '72', '--raw', '--subdir', 'DAGS_FOLDER/dados_climaticos.py', '--cfg-path', '/tmp/tmp2rp7gidc', '--error-file', '/tmp/tmpad18te1a']
[2023-06-21 16:26:45,484] {standard_task_runner.py:80} INFO - Job 72: Subtask cria_pasta
[2023-06-21 16:26:45,526] {task_command.py:370} INFO - Running <TaskInstance: dados_climaticos.cria_pasta scheduled__2022-09-05T00:00:00+00:00 [running]> on host alura
[2023-06-21 16:26:45,548] {taskinstance.py:1889} ERROR - Task failed with exception
Traceback (most recent call last):
  File "/home/gilmar/Documentos/airflowalura/venv/lib/python3.9/site-packages/airflow/models/taskinstance.py", line 1451, in _run_raw_task
    self._execute_task_with_callbacks(context, test_mode)
  File "/home/gilmar/Documentos/airflowalura/venv/lib/python3.9/site-packages/airflow/models/taskinstance.py", line 1555, in _execute_task_with_callbacks
    task_orig = self.render_templates(context=context)
  File "/home/gilmar/Documentos/airflowalura/venv/lib/python3.9/site-packages/airflow/models/taskinstance.py", line 2212, in render_templates
    rendered_task = self.task.render_template_fields(context)
  File "/home/gilmar/Documentos/airflowalura/venv/lib/python3.9/site-packages/airflow/models/baseoperator.py", line 1185, in render_template_fields
    self._do_render_template_fields(self, self.template_fields, context, jinja_env, set())
  File "/home/gilmar/Documentos/airflowalura/venv/lib/python3.9/site-packages/airflow/utils/session.py", line 71, in wrapper
    return func(*args, session=session, **kwargs)
  File "/home/gilmar/Documentos/airflowalura/venv/lib/python3.9/site-packages/airflow/models/abstractoperator.py", line 344, in _do_render_template_fields
    rendered_content = self.render_template(
  File "/home/gilmar/Documentos/airflowalura/venv/lib/python3.9/site-packages/airflow/models/abstractoperator.py", line 387, in render_template
    template = jinja_env.from_string(value)
  File "/home/gilmar/Documentos/airflowalura/venv/lib/python3.9/site-packages/jinja2/environment.py", line 1092, in from_string
    return cls.from_code(self, self.compile(source), gs, None)
  File "/home/gilmar/Documentos/airflowalura/venv/lib/python3.9/site-packages/jinja2/environment.py", line 757, in compile
    self.handle_exception(source=source_hint)
  File "/home/gilmar/Documentos/airflowalura/venv/lib/python3.9/site-packages/jinja2/environment.py", line 925, in handle_exception
    raise rewrite_traceback_stack(source=source)
  File "<unknown>", line 1, in template
jinja2.exceptions.TemplateSyntaxError: unexpected end of template, expected ','.
[2023-06-21 16:26:45,552] {taskinstance.py:1395} INFO - Marking task as FAILED. dag_id=dados_climaticos, task_id=cria_pasta, execution_date=20220905T000000, start_date=20230621T192645, end_date=20230621T192645
[2023-06-21 16:26:45,563] {standard_task_runner.py:92} ERROR - Failed to execute job 72 for task cria_pasta (unexpected end of template, expected ','.; 8631)
[2023-06-21 16:26:45,578] {local_task_job.py:156} INFO - Task exited with return code 1
[2023-06-21 16:26:45,604] {local_task_job.py:273} INFO - 0 downstream tasks scheduled from follow-on schedule check
[2023-06-21 16:29:05,950] {taskinstance.py:1159} INFO - Dependencies all met for <TaskInstance: dados_climaticos.cria_pasta scheduled__2022-09-05T00:00:00+00:00 [queued]>
[2023-06-21 16:29:05,956] {taskinstance.py:1159} INFO - Dependencies all met for <TaskInstance: dados_climaticos.cria_pasta scheduled__2022-09-05T00:00:00+00:00 [queued]>
[2023-06-21 16:29:05,956] {taskinstance.py:1356} INFO - 
--------------------------------------------------------------------------------
[2023-06-21 16:29:05,957] {taskinstance.py:1357} INFO - Starting attempt 1 of 1
[2023-06-21 16:29:05,957] {taskinstance.py:1358} INFO - 
--------------------------------------------------------------------------------
[2023-06-21 16:29:05,971] {taskinstance.py:1377} INFO - Executing <Task(BashOperator): cria_pasta> on 2022-09-05 00:00:00+00:00
[2023-06-21 16:29:05,975] {standard_task_runner.py:52} INFO - Started process 9407 to run task
[2023-06-21 16:29:05,978] {standard_task_runner.py:79} INFO - Running: ['airflow', 'tasks', 'run', 'dados_climaticos', 'cria_pasta', 'scheduled__2022-09-05T00:00:00+00:00', '--job-id', '72', '--raw', '--subdir', 'DAGS_FOLDER/dados_climaticos.py', '--cfg-path', '/tmp/tmpx6f38pny', '--error-file', '/tmp/tmpjuzkj0qu']
[2023-06-21 16:29:05,979] {standard_task_runner.py:80} INFO - Job 72: Subtask cria_pasta
[2023-06-21 16:29:06,018] {task_command.py:370} INFO - Running <TaskInstance: dados_climaticos.cria_pasta scheduled__2022-09-05T00:00:00+00:00 [running]> on host alura
[2023-06-21 16:29:06,062] {taskinstance.py:1569} INFO - Exporting the following env vars:
AIRFLOW_CTX_DAG_OWNER=airflow
AIRFLOW_CTX_DAG_ID=dados_climaticos
AIRFLOW_CTX_TASK_ID=cria_pasta
AIRFLOW_CTX_EXECUTION_DATE=2022-09-05T00:00:00+00:00
AIRFLOW_CTX_TRY_NUMBER=1
AIRFLOW_CTX_DAG_RUN_ID=scheduled__2022-09-05T00:00:00+00:00
[2023-06-21 16:29:06,063] {subprocess.py:62} INFO - Tmp dir root location: 
 /tmp
[2023-06-21 16:29:06,064] {subprocess.py:74} INFO - Running command: ['bash', '-c', 'mkdir -p "/home/gilmar/Documentos/airflowalura/semana=2022-09-12"']
[2023-06-21 16:29:06,072] {subprocess.py:85} INFO - Output:
[2023-06-21 16:29:06,075] {subprocess.py:96} INFO - Command exited with return code 0
[2023-06-21 16:29:06,094] {taskinstance.py:1395} INFO - Marking task as SUCCESS. dag_id=dados_climaticos, task_id=cria_pasta, execution_date=20220905T000000, start_date=20230621T192905, end_date=20230621T192906
[2023-06-21 16:29:06,114] {local_task_job.py:156} INFO - Task exited with return code 0
[2023-06-21 16:29:06,140] {local_task_job.py:273} INFO - 1 downstream tasks scheduled from follow-on schedule check
[2023-06-21 16:30:54,354] {taskinstance.py:1159} INFO - Dependencies all met for <TaskInstance: dados_climaticos.cria_pasta scheduled__2022-09-05T00:00:00+00:00 [queued]>
[2023-06-21 16:30:54,358] {taskinstance.py:1159} INFO - Dependencies all met for <TaskInstance: dados_climaticos.cria_pasta scheduled__2022-09-05T00:00:00+00:00 [queued]>
[2023-06-21 16:30:54,359] {taskinstance.py:1356} INFO - 
--------------------------------------------------------------------------------
[2023-06-21 16:30:54,359] {taskinstance.py:1357} INFO - Starting attempt 1 of 1
[2023-06-21 16:30:54,359] {taskinstance.py:1358} INFO - 
--------------------------------------------------------------------------------
[2023-06-21 16:30:54,375] {taskinstance.py:1377} INFO - Executing <Task(BashOperator): cria_pasta> on 2022-09-05 00:00:00+00:00
[2023-06-21 16:30:54,379] {standard_task_runner.py:52} INFO - Started process 10094 to run task
[2023-06-21 16:30:54,382] {standard_task_runner.py:79} INFO - Running: ['airflow', 'tasks', 'run', 'dados_climaticos', 'cria_pasta', 'scheduled__2022-09-05T00:00:00+00:00', '--job-id', '72', '--raw', '--subdir', 'DAGS_FOLDER/dados_climaticos_OLD.py', '--cfg-path', '/tmp/tmpuy041a_7', '--error-file', '/tmp/tmp6gdapsmu']
[2023-06-21 16:30:54,383] {standard_task_runner.py:80} INFO - Job 72: Subtask cria_pasta
[2023-06-21 16:30:54,416] {task_command.py:370} INFO - Running <TaskInstance: dados_climaticos.cria_pasta scheduled__2022-09-05T00:00:00+00:00 [running]> on host alura
[2023-06-21 16:30:54,441] {taskinstance.py:1889} ERROR - Task failed with exception
Traceback (most recent call last):
  File "/home/gilmar/Documentos/airflowalura/venv/lib/python3.9/site-packages/airflow/models/taskinstance.py", line 1451, in _run_raw_task
    self._execute_task_with_callbacks(context, test_mode)
  File "/home/gilmar/Documentos/airflowalura/venv/lib/python3.9/site-packages/airflow/models/taskinstance.py", line 1555, in _execute_task_with_callbacks
    task_orig = self.render_templates(context=context)
  File "/home/gilmar/Documentos/airflowalura/venv/lib/python3.9/site-packages/airflow/models/taskinstance.py", line 2212, in render_templates
    rendered_task = self.task.render_template_fields(context)
  File "/home/gilmar/Documentos/airflowalura/venv/lib/python3.9/site-packages/airflow/models/baseoperator.py", line 1185, in render_template_fields
    self._do_render_template_fields(self, self.template_fields, context, jinja_env, set())
  File "/home/gilmar/Documentos/airflowalura/venv/lib/python3.9/site-packages/airflow/utils/session.py", line 71, in wrapper
    return func(*args, session=session, **kwargs)
  File "/home/gilmar/Documentos/airflowalura/venv/lib/python3.9/site-packages/airflow/models/abstractoperator.py", line 344, in _do_render_template_fields
    rendered_content = self.render_template(
  File "/home/gilmar/Documentos/airflowalura/venv/lib/python3.9/site-packages/airflow/models/abstractoperator.py", line 387, in render_template
    template = jinja_env.from_string(value)
  File "/home/gilmar/Documentos/airflowalura/venv/lib/python3.9/site-packages/jinja2/environment.py", line 1092, in from_string
    return cls.from_code(self, self.compile(source), gs, None)
  File "/home/gilmar/Documentos/airflowalura/venv/lib/python3.9/site-packages/jinja2/environment.py", line 757, in compile
    self.handle_exception(source=source_hint)
  File "/home/gilmar/Documentos/airflowalura/venv/lib/python3.9/site-packages/jinja2/environment.py", line 925, in handle_exception
    raise rewrite_traceback_stack(source=source)
  File "<unknown>", line 1, in template
jinja2.exceptions.TemplateSyntaxError: unexpected end of template, expected ','.
[2023-06-21 16:30:54,453] {taskinstance.py:1395} INFO - Marking task as FAILED. dag_id=dados_climaticos, task_id=cria_pasta, execution_date=20220905T000000, start_date=20230621T193054, end_date=20230621T193054
[2023-06-21 16:30:54,464] {standard_task_runner.py:92} ERROR - Failed to execute job 72 for task cria_pasta (unexpected end of template, expected ','.; 10094)
[2023-06-21 16:30:54,478] {local_task_job.py:156} INFO - Task exited with return code 1
[2023-06-21 16:30:54,517] {local_task_job.py:273} INFO - 0 downstream tasks scheduled from follow-on schedule check
[2023-06-22 10:18:27,243] {taskinstance.py:1159} INFO - Dependencies all met for <TaskInstance: dados_climaticos.cria_pasta scheduled__2022-09-05T00:00:00+00:00 [queued]>
[2023-06-22 10:18:27,250] {taskinstance.py:1159} INFO - Dependencies all met for <TaskInstance: dados_climaticos.cria_pasta scheduled__2022-09-05T00:00:00+00:00 [queued]>
[2023-06-22 10:18:27,250] {taskinstance.py:1356} INFO - 
--------------------------------------------------------------------------------
[2023-06-22 10:18:27,251] {taskinstance.py:1357} INFO - Starting attempt 1 of 1
[2023-06-22 10:18:27,251] {taskinstance.py:1358} INFO - 
--------------------------------------------------------------------------------
[2023-06-22 10:18:27,264] {taskinstance.py:1377} INFO - Executing <Task(BashOperator): cria_pasta> on 2022-09-05 00:00:00+00:00
[2023-06-22 10:18:27,268] {standard_task_runner.py:52} INFO - Started process 8796 to run task
[2023-06-22 10:18:27,271] {standard_task_runner.py:79} INFO - Running: ['airflow', 'tasks', 'run', 'dados_climaticos', 'cria_pasta', 'scheduled__2022-09-05T00:00:00+00:00', '--job-id', '142', '--raw', '--subdir', 'DAGS_FOLDER/dados_climaticos_OLD.py', '--cfg-path', '/tmp/tmpkltz3hi1', '--error-file', '/tmp/tmpk27xjlwp']
[2023-06-22 10:18:27,271] {standard_task_runner.py:80} INFO - Job 142: Subtask cria_pasta
[2023-06-22 10:18:27,306] {task_command.py:370} INFO - Running <TaskInstance: dados_climaticos.cria_pasta scheduled__2022-09-05T00:00:00+00:00 [running]> on host alura
[2023-06-22 10:18:27,325] {taskinstance.py:1889} ERROR - Task failed with exception
Traceback (most recent call last):
  File "/home/gilmar/Documentos/airflowalura/venv/lib/python3.9/site-packages/airflow/models/taskinstance.py", line 1451, in _run_raw_task
    self._execute_task_with_callbacks(context, test_mode)
  File "/home/gilmar/Documentos/airflowalura/venv/lib/python3.9/site-packages/airflow/models/taskinstance.py", line 1555, in _execute_task_with_callbacks
    task_orig = self.render_templates(context=context)
  File "/home/gilmar/Documentos/airflowalura/venv/lib/python3.9/site-packages/airflow/models/taskinstance.py", line 2212, in render_templates
    rendered_task = self.task.render_template_fields(context)
  File "/home/gilmar/Documentos/airflowalura/venv/lib/python3.9/site-packages/airflow/models/baseoperator.py", line 1185, in render_template_fields
    self._do_render_template_fields(self, self.template_fields, context, jinja_env, set())
  File "/home/gilmar/Documentos/airflowalura/venv/lib/python3.9/site-packages/airflow/utils/session.py", line 71, in wrapper
    return func(*args, session=session, **kwargs)
  File "/home/gilmar/Documentos/airflowalura/venv/lib/python3.9/site-packages/airflow/models/abstractoperator.py", line 344, in _do_render_template_fields
    rendered_content = self.render_template(
  File "/home/gilmar/Documentos/airflowalura/venv/lib/python3.9/site-packages/airflow/models/abstractoperator.py", line 387, in render_template
    template = jinja_env.from_string(value)
  File "/home/gilmar/Documentos/airflowalura/venv/lib/python3.9/site-packages/jinja2/environment.py", line 1092, in from_string
    return cls.from_code(self, self.compile(source), gs, None)
  File "/home/gilmar/Documentos/airflowalura/venv/lib/python3.9/site-packages/jinja2/environment.py", line 757, in compile
    self.handle_exception(source=source_hint)
  File "/home/gilmar/Documentos/airflowalura/venv/lib/python3.9/site-packages/jinja2/environment.py", line 925, in handle_exception
    raise rewrite_traceback_stack(source=source)
  File "<unknown>", line 1, in template
jinja2.exceptions.TemplateSyntaxError: unexpected end of template, expected ','.
[2023-06-22 10:18:27,329] {taskinstance.py:1395} INFO - Marking task as FAILED. dag_id=dados_climaticos, task_id=cria_pasta, execution_date=20220905T000000, start_date=20230622T131827, end_date=20230622T131827
[2023-06-22 10:18:27,340] {standard_task_runner.py:92} ERROR - Failed to execute job 142 for task cria_pasta (unexpected end of template, expected ','.; 8796)
[2023-06-22 10:18:27,366] {local_task_job.py:156} INFO - Task exited with return code 1
[2023-06-22 10:18:27,396] {local_task_job.py:273} INFO - 0 downstream tasks scheduled from follow-on schedule check
