[2023-06-21 10:15:09,523] {taskinstance.py:1159} INFO - Dependencies all met for <TaskInstance: meu_primeiro_dag.cria_pasta scheduled__2023-06-20T00:00:00+00:00 [queued]>
[2023-06-21 10:15:09,527] {taskinstance.py:1159} INFO - Dependencies all met for <TaskInstance: meu_primeiro_dag.cria_pasta scheduled__2023-06-20T00:00:00+00:00 [queued]>
[2023-06-21 10:15:09,527] {taskinstance.py:1356} INFO - 
--------------------------------------------------------------------------------
[2023-06-21 10:15:09,527] {taskinstance.py:1357} INFO - Starting attempt 1 of 1
[2023-06-21 10:15:09,527] {taskinstance.py:1358} INFO - 
--------------------------------------------------------------------------------
[2023-06-21 10:15:09,539] {taskinstance.py:1377} INFO - Executing <Task(BashOperator): cria_pasta> on 2023-06-20 00:00:00+00:00
[2023-06-21 10:15:09,541] {standard_task_runner.py:52} INFO - Started process 11505 to run task
[2023-06-21 10:15:09,544] {standard_task_runner.py:79} INFO - Running: ['airflow', 'tasks', 'run', 'meu_primeiro_dag', 'cria_pasta', 'scheduled__2023-06-20T00:00:00+00:00', '--job-id', '10', '--raw', '--subdir', 'DAGS_FOLDER/meu_primeiro_dag.py', '--cfg-path', '/tmp/tmpkfiy8jsw', '--error-file', '/tmp/tmpj2cr490j']
[2023-06-21 10:15:09,545] {standard_task_runner.py:80} INFO - Job 10: Subtask cria_pasta
[2023-06-21 10:15:09,582] {task_command.py:370} INFO - Running <TaskInstance: meu_primeiro_dag.cria_pasta scheduled__2023-06-20T00:00:00+00:00 [running]> on host alura
[2023-06-21 10:15:09,631] {taskinstance.py:1569} INFO - Exporting the following env vars:
AIRFLOW_CTX_DAG_OWNER=airflow
AIRFLOW_CTX_DAG_ID=meu_primeiro_dag
AIRFLOW_CTX_TASK_ID=cria_pasta
AIRFLOW_CTX_EXECUTION_DATE=2023-06-20T00:00:00+00:00
AIRFLOW_CTX_TRY_NUMBER=1
AIRFLOW_CTX_DAG_RUN_ID=scheduled__2023-06-20T00:00:00+00:00
[2023-06-21 10:15:09,632] {subprocess.py:62} INFO - Tmp dir root location: 
 /tmp
[2023-06-21 10:15:09,632] {subprocess.py:74} INFO - Running command: ['bash', '-c', 'mkdir -p "/home/gilmar/Documentos/airflowalura/pasta"']
[2023-06-21 10:15:09,637] {subprocess.py:85} INFO - Output:
[2023-06-21 10:15:09,640] {subprocess.py:96} INFO - Command exited with return code 0
[2023-06-21 10:15:09,662] {taskinstance.py:1395} INFO - Marking task as SUCCESS. dag_id=meu_primeiro_dag, task_id=cria_pasta, execution_date=20230620T000000, start_date=20230621T131509, end_date=20230621T131509
[2023-06-21 10:15:09,691] {local_task_job.py:156} INFO - Task exited with return code 0
[2023-06-21 10:15:09,706] {local_task_job.py:273} INFO - 0 downstream tasks scheduled from follow-on schedule check
[2023-06-21 11:29:34,316] {taskinstance.py:1159} INFO - Dependencies all met for <TaskInstance: meu_primeiro_dag.cria_pasta scheduled__2023-06-20T00:00:00+00:00 [queued]>
[2023-06-21 11:29:34,324] {taskinstance.py:1159} INFO - Dependencies all met for <TaskInstance: meu_primeiro_dag.cria_pasta scheduled__2023-06-20T00:00:00+00:00 [queued]>
[2023-06-21 11:29:34,324] {taskinstance.py:1356} INFO - 
--------------------------------------------------------------------------------
[2023-06-21 11:29:34,324] {taskinstance.py:1357} INFO - Starting attempt 1 of 1
[2023-06-21 11:29:34,324] {taskinstance.py:1358} INFO - 
--------------------------------------------------------------------------------
[2023-06-21 11:29:34,343] {taskinstance.py:1377} INFO - Executing <Task(BashOperator): cria_pasta> on 2023-06-20 00:00:00+00:00
[2023-06-21 11:29:34,345] {standard_task_runner.py:52} INFO - Started process 38198 to run task
[2023-06-21 11:29:34,349] {standard_task_runner.py:79} INFO - Running: ['airflow', 'tasks', 'run', 'meu_primeiro_dag', 'cria_pasta', 'scheduled__2023-06-20T00:00:00+00:00', '--job-id', '13', '--raw', '--subdir', 'DAGS_FOLDER/meu_primeiro_dag.py', '--cfg-path', '/tmp/tmpb10a95jb', '--error-file', '/tmp/tmp83pyrbdj']
[2023-06-21 11:29:34,350] {standard_task_runner.py:80} INFO - Job 13: Subtask cria_pasta
[2023-06-21 11:29:34,460] {task_command.py:370} INFO - Running <TaskInstance: meu_primeiro_dag.cria_pasta scheduled__2023-06-20T00:00:00+00:00 [running]> on host alura
[2023-06-21 11:29:34,559] {taskinstance.py:1569} INFO - Exporting the following env vars:
AIRFLOW_CTX_DAG_OWNER=airflow
AIRFLOW_CTX_DAG_ID=meu_primeiro_dag
AIRFLOW_CTX_TASK_ID=cria_pasta
AIRFLOW_CTX_EXECUTION_DATE=2023-06-20T00:00:00+00:00
AIRFLOW_CTX_TRY_NUMBER=1
AIRFLOW_CTX_DAG_RUN_ID=scheduled__2023-06-20T00:00:00+00:00
[2023-06-21 11:29:34,565] {subprocess.py:62} INFO - Tmp dir root location: 
 /tmp
[2023-06-21 11:29:34,567] {subprocess.py:74} INFO - Running command: ['bash', '-c', 'mkdir -p "/home/gilmar/Documentos/airflowalura/pasta=2023-06-21T00:00:00+00:00"']
[2023-06-21 11:29:34,574] {subprocess.py:85} INFO - Output:
[2023-06-21 11:29:34,576] {subprocess.py:96} INFO - Command exited with return code 0
[2023-06-21 11:29:34,616] {taskinstance.py:1395} INFO - Marking task as SUCCESS. dag_id=meu_primeiro_dag, task_id=cria_pasta, execution_date=20230620T000000, start_date=20230621T142934, end_date=20230621T142934
[2023-06-21 11:29:34,648] {local_task_job.py:156} INFO - Task exited with return code 0
[2023-06-21 11:29:34,664] {local_task_job.py:273} INFO - 0 downstream tasks scheduled from follow-on schedule check
