[2023-06-20 11:38:57,106] {taskinstance.py:1159} INFO - Dependencies all met for <TaskInstance: meu_primeiro_dag.cria_pasta scheduled__2023-06-19T00:00:00+00:00 [queued]>
[2023-06-20 11:38:57,111] {taskinstance.py:1159} INFO - Dependencies all met for <TaskInstance: meu_primeiro_dag.cria_pasta scheduled__2023-06-19T00:00:00+00:00 [queued]>
[2023-06-20 11:38:57,111] {taskinstance.py:1356} INFO - 
--------------------------------------------------------------------------------
[2023-06-20 11:38:57,111] {taskinstance.py:1357} INFO - Starting attempt 1 of 1
[2023-06-20 11:38:57,111] {taskinstance.py:1358} INFO - 
--------------------------------------------------------------------------------
[2023-06-20 11:38:57,123] {taskinstance.py:1377} INFO - Executing <Task(BashOperator): cria_pasta> on 2023-06-19 00:00:00+00:00
[2023-06-20 11:38:57,125] {standard_task_runner.py:52} INFO - Started process 65983 to run task
[2023-06-20 11:38:57,131] {standard_task_runner.py:79} INFO - Running: ['airflow', 'tasks', 'run', 'meu_primeiro_dag', 'cria_pasta', 'scheduled__2023-06-19T00:00:00+00:00', '--job-id', '5', '--raw', '--subdir', 'DAGS_FOLDER/meu_primeiro_dag.py', '--cfg-path', '/tmp/tmp0s6nk5j_', '--error-file', '/tmp/tmp9kob204j']
[2023-06-20 11:38:57,132] {standard_task_runner.py:80} INFO - Job 5: Subtask cria_pasta
[2023-06-20 11:38:57,179] {task_command.py:370} INFO - Running <TaskInstance: meu_primeiro_dag.cria_pasta scheduled__2023-06-19T00:00:00+00:00 [running]> on host alura
[2023-06-20 11:38:57,231] {taskinstance.py:1569} INFO - Exporting the following env vars:
AIRFLOW_CTX_DAG_OWNER=airflow
AIRFLOW_CTX_DAG_ID=meu_primeiro_dag
AIRFLOW_CTX_TASK_ID=cria_pasta
AIRFLOW_CTX_EXECUTION_DATE=2023-06-19T00:00:00+00:00
AIRFLOW_CTX_TRY_NUMBER=1
AIRFLOW_CTX_DAG_RUN_ID=scheduled__2023-06-19T00:00:00+00:00
[2023-06-20 11:38:57,231] {subprocess.py:62} INFO - Tmp dir root location: 
 /tmp
[2023-06-20 11:38:57,232] {subprocess.py:74} INFO - Running command: ['bash', '-c', 'mkdir -p "/home/gilmar/Documentos/airflowalura/pasta"']
[2023-06-20 11:38:57,246] {subprocess.py:85} INFO - Output:
[2023-06-20 11:38:57,254] {subprocess.py:96} INFO - Command exited with return code 0
[2023-06-20 11:38:57,273] {taskinstance.py:1395} INFO - Marking task as SUCCESS. dag_id=meu_primeiro_dag, task_id=cria_pasta, execution_date=20230619T000000, start_date=20230620T143857, end_date=20230620T143857
[2023-06-20 11:38:57,317] {local_task_job.py:156} INFO - Task exited with return code 0
[2023-06-20 11:38:57,333] {local_task_job.py:273} INFO - 0 downstream tasks scheduled from follow-on schedule check
[2023-06-21 11:29:32,481] {taskinstance.py:1159} INFO - Dependencies all met for <TaskInstance: meu_primeiro_dag.cria_pasta scheduled__2023-06-19T00:00:00+00:00 [queued]>
[2023-06-21 11:29:32,490] {taskinstance.py:1159} INFO - Dependencies all met for <TaskInstance: meu_primeiro_dag.cria_pasta scheduled__2023-06-19T00:00:00+00:00 [queued]>
[2023-06-21 11:29:32,490] {taskinstance.py:1356} INFO - 
--------------------------------------------------------------------------------
[2023-06-21 11:29:32,490] {taskinstance.py:1357} INFO - Starting attempt 1 of 1
[2023-06-21 11:29:32,490] {taskinstance.py:1358} INFO - 
--------------------------------------------------------------------------------
[2023-06-21 11:29:32,505] {taskinstance.py:1377} INFO - Executing <Task(BashOperator): cria_pasta> on 2023-06-19 00:00:00+00:00
[2023-06-21 11:29:32,507] {standard_task_runner.py:52} INFO - Started process 38182 to run task
[2023-06-21 11:29:32,511] {standard_task_runner.py:79} INFO - Running: ['airflow', 'tasks', 'run', 'meu_primeiro_dag', 'cria_pasta', 'scheduled__2023-06-19T00:00:00+00:00', '--job-id', '12', '--raw', '--subdir', 'DAGS_FOLDER/meu_primeiro_dag.py', '--cfg-path', '/tmp/tmp4gv041v7', '--error-file', '/tmp/tmpe0jdqaxr']
[2023-06-21 11:29:32,511] {standard_task_runner.py:80} INFO - Job 12: Subtask cria_pasta
[2023-06-21 11:29:32,591] {task_command.py:370} INFO - Running <TaskInstance: meu_primeiro_dag.cria_pasta scheduled__2023-06-19T00:00:00+00:00 [running]> on host alura
[2023-06-21 11:29:32,676] {taskinstance.py:1569} INFO - Exporting the following env vars:
AIRFLOW_CTX_DAG_OWNER=airflow
AIRFLOW_CTX_DAG_ID=meu_primeiro_dag
AIRFLOW_CTX_TASK_ID=cria_pasta
AIRFLOW_CTX_EXECUTION_DATE=2023-06-19T00:00:00+00:00
AIRFLOW_CTX_TRY_NUMBER=1
AIRFLOW_CTX_DAG_RUN_ID=scheduled__2023-06-19T00:00:00+00:00
[2023-06-21 11:29:32,680] {subprocess.py:62} INFO - Tmp dir root location: 
 /tmp
[2023-06-21 11:29:32,682] {subprocess.py:74} INFO - Running command: ['bash', '-c', 'mkdir -p "/home/gilmar/Documentos/airflowalura/pasta=2023-06-20T00:00:00+00:00"']
[2023-06-21 11:29:32,697] {subprocess.py:85} INFO - Output:
[2023-06-21 11:29:32,701] {subprocess.py:96} INFO - Command exited with return code 0
[2023-06-21 11:29:32,748] {taskinstance.py:1395} INFO - Marking task as SUCCESS. dag_id=meu_primeiro_dag, task_id=cria_pasta, execution_date=20230619T000000, start_date=20230621T142932, end_date=20230621T142932
[2023-06-21 11:29:32,774] {local_task_job.py:156} INFO - Task exited with return code 0
[2023-06-21 11:29:32,801] {local_task_job.py:273} INFO - 0 downstream tasks scheduled from follow-on schedule check
