[2023-06-21 16:31:32,079] {taskinstance.py:1159} INFO - Dependencies all met for <TaskInstance: dados_climaticos.cria_pasta scheduled__2023-06-12T00:00:00+00:00 [queued]>
[2023-06-21 16:31:32,083] {taskinstance.py:1159} INFO - Dependencies all met for <TaskInstance: dados_climaticos.cria_pasta scheduled__2023-06-12T00:00:00+00:00 [queued]>
[2023-06-21 16:31:32,083] {taskinstance.py:1356} INFO - 
--------------------------------------------------------------------------------
[2023-06-21 16:31:32,083] {taskinstance.py:1357} INFO - Starting attempt 1 of 1
[2023-06-21 16:31:32,083] {taskinstance.py:1358} INFO - 
--------------------------------------------------------------------------------
[2023-06-21 16:31:32,092] {taskinstance.py:1377} INFO - Executing <Task(BashOperator): cria_pasta> on 2023-06-12 00:00:00+00:00
[2023-06-21 16:31:32,096] {standard_task_runner.py:52} INFO - Started process 10403 to run task
[2023-06-21 16:31:32,099] {standard_task_runner.py:79} INFO - Running: ['airflow', 'tasks', 'run', 'dados_climaticos', 'cria_pasta', 'scheduled__2023-06-12T00:00:00+00:00', '--job-id', '90', '--raw', '--subdir', 'DAGS_FOLDER/dados_climaticos.py', '--cfg-path', '/tmp/tmpr5390677', '--error-file', '/tmp/tmpnkomc4q8']
[2023-06-21 16:31:32,100] {standard_task_runner.py:80} INFO - Job 90: Subtask cria_pasta
[2023-06-21 16:31:32,142] {task_command.py:370} INFO - Running <TaskInstance: dados_climaticos.cria_pasta scheduled__2023-06-12T00:00:00+00:00 [running]> on host alura
[2023-06-21 16:31:32,182] {taskinstance.py:1569} INFO - Exporting the following env vars:
AIRFLOW_CTX_DAG_OWNER=airflow
AIRFLOW_CTX_DAG_ID=dados_climaticos
AIRFLOW_CTX_TASK_ID=cria_pasta
AIRFLOW_CTX_EXECUTION_DATE=2023-06-12T00:00:00+00:00
AIRFLOW_CTX_TRY_NUMBER=1
AIRFLOW_CTX_DAG_RUN_ID=scheduled__2023-06-12T00:00:00+00:00
[2023-06-21 16:31:32,183] {subprocess.py:62} INFO - Tmp dir root location: 
 /tmp
[2023-06-21 16:31:32,184] {subprocess.py:74} INFO - Running command: ['bash', '-c', 'mkdir -p "/home/gilmar/Documentos/airflowalura/semana=2023-06-19"']
[2023-06-21 16:31:32,193] {subprocess.py:85} INFO - Output:
[2023-06-21 16:31:32,196] {subprocess.py:96} INFO - Command exited with return code 0
[2023-06-21 16:31:32,219] {taskinstance.py:1395} INFO - Marking task as SUCCESS. dag_id=dados_climaticos, task_id=cria_pasta, execution_date=20230612T000000, start_date=20230621T193132, end_date=20230621T193132
[2023-06-21 16:31:32,236] {local_task_job.py:156} INFO - Task exited with return code 0
[2023-06-21 16:31:32,259] {local_task_job.py:273} INFO - 1 downstream tasks scheduled from follow-on schedule check
[2023-06-22 10:14:14,342] {taskinstance.py:1159} INFO - Dependencies all met for <TaskInstance: dados_climaticos.cria_pasta scheduled__2023-06-12T00:00:00+00:00 [queued]>
[2023-06-22 10:14:14,349] {taskinstance.py:1159} INFO - Dependencies all met for <TaskInstance: dados_climaticos.cria_pasta scheduled__2023-06-12T00:00:00+00:00 [queued]>
[2023-06-22 10:14:14,350] {taskinstance.py:1356} INFO - 
--------------------------------------------------------------------------------
[2023-06-22 10:14:14,350] {taskinstance.py:1357} INFO - Starting attempt 1 of 1
[2023-06-22 10:14:14,350] {taskinstance.py:1358} INFO - 
--------------------------------------------------------------------------------
[2023-06-22 10:14:14,365] {taskinstance.py:1377} INFO - Executing <Task(BashOperator): cria_pasta> on 2023-06-12 00:00:00+00:00
[2023-06-22 10:14:14,368] {standard_task_runner.py:52} INFO - Started process 7242 to run task
[2023-06-22 10:14:14,371] {standard_task_runner.py:79} INFO - Running: ['airflow', 'tasks', 'run', 'dados_climaticos', 'cria_pasta', 'scheduled__2023-06-12T00:00:00+00:00', '--job-id', '140', '--raw', '--subdir', 'DAGS_FOLDER/dados_climaticos.py', '--cfg-path', '/tmp/tmp2f0inbvs', '--error-file', '/tmp/tmpiebej9so']
[2023-06-22 10:14:14,371] {standard_task_runner.py:80} INFO - Job 140: Subtask cria_pasta
[2023-06-22 10:14:14,404] {task_command.py:370} INFO - Running <TaskInstance: dados_climaticos.cria_pasta scheduled__2023-06-12T00:00:00+00:00 [running]> on host alura
[2023-06-22 10:14:14,440] {taskinstance.py:1569} INFO - Exporting the following env vars:
AIRFLOW_CTX_DAG_OWNER=airflow
AIRFLOW_CTX_DAG_ID=dados_climaticos
AIRFLOW_CTX_TASK_ID=cria_pasta
AIRFLOW_CTX_EXECUTION_DATE=2023-06-12T00:00:00+00:00
AIRFLOW_CTX_TRY_NUMBER=1
AIRFLOW_CTX_DAG_RUN_ID=scheduled__2023-06-12T00:00:00+00:00
[2023-06-22 10:14:14,441] {subprocess.py:62} INFO - Tmp dir root location: 
 /tmp
[2023-06-22 10:14:14,441] {subprocess.py:74} INFO - Running command: ['bash', '-c', 'mkdir -p "/home/gilmar/Documentos/airflowalura/semana=2023-06-19"']
[2023-06-22 10:14:14,448] {subprocess.py:85} INFO - Output:
[2023-06-22 10:14:14,451] {subprocess.py:96} INFO - Command exited with return code 0
[2023-06-22 10:14:14,469] {taskinstance.py:1395} INFO - Marking task as SUCCESS. dag_id=dados_climaticos, task_id=cria_pasta, execution_date=20230612T000000, start_date=20230622T131414, end_date=20230622T131414
[2023-06-22 10:14:14,510] {local_task_job.py:156} INFO - Task exited with return code 0
[2023-06-22 10:14:14,530] {local_task_job.py:273} INFO - 1 downstream tasks scheduled from follow-on schedule check
[2023-06-22 10:18:56,426] {taskinstance.py:1159} INFO - Dependencies all met for <TaskInstance: dados_climaticos.cria_pasta scheduled__2023-06-12T00:00:00+00:00 [queued]>
[2023-06-22 10:18:56,431] {taskinstance.py:1159} INFO - Dependencies all met for <TaskInstance: dados_climaticos.cria_pasta scheduled__2023-06-12T00:00:00+00:00 [queued]>
[2023-06-22 10:18:56,431] {taskinstance.py:1356} INFO - 
--------------------------------------------------------------------------------
[2023-06-22 10:18:56,431] {taskinstance.py:1357} INFO - Starting attempt 1 of 1
[2023-06-22 10:18:56,431] {taskinstance.py:1358} INFO - 
--------------------------------------------------------------------------------
[2023-06-22 10:18:56,444] {taskinstance.py:1377} INFO - Executing <Task(BashOperator): cria_pasta> on 2023-06-12 00:00:00+00:00
[2023-06-22 10:18:56,447] {standard_task_runner.py:52} INFO - Started process 9040 to run task
[2023-06-22 10:18:56,451] {standard_task_runner.py:79} INFO - Running: ['airflow', 'tasks', 'run', 'dados_climaticos', 'cria_pasta', 'scheduled__2023-06-12T00:00:00+00:00', '--job-id', '156', '--raw', '--subdir', 'DAGS_FOLDER/dados_climaticos.py', '--cfg-path', '/tmp/tmpid_vtvvw', '--error-file', '/tmp/tmps0bkrx04']
[2023-06-22 10:18:56,451] {standard_task_runner.py:80} INFO - Job 156: Subtask cria_pasta
[2023-06-22 10:18:56,484] {task_command.py:370} INFO - Running <TaskInstance: dados_climaticos.cria_pasta scheduled__2023-06-12T00:00:00+00:00 [running]> on host alura
[2023-06-22 10:18:56,522] {taskinstance.py:1569} INFO - Exporting the following env vars:
AIRFLOW_CTX_DAG_OWNER=airflow
AIRFLOW_CTX_DAG_ID=dados_climaticos
AIRFLOW_CTX_TASK_ID=cria_pasta
AIRFLOW_CTX_EXECUTION_DATE=2023-06-12T00:00:00+00:00
AIRFLOW_CTX_TRY_NUMBER=1
AIRFLOW_CTX_DAG_RUN_ID=scheduled__2023-06-12T00:00:00+00:00
[2023-06-22 10:18:56,527] {subprocess.py:62} INFO - Tmp dir root location: 
 /tmp
[2023-06-22 10:18:56,528] {subprocess.py:74} INFO - Running command: ['bash', '-c', 'mkdir -p "/home/gilmar/Documentos/airflowalura/semana=2023-06-19"']
[2023-06-22 10:18:56,542] {subprocess.py:85} INFO - Output:
[2023-06-22 10:18:56,542] {subprocess.py:96} INFO - Command exited with return code 0
[2023-06-22 10:18:56,564] {taskinstance.py:1395} INFO - Marking task as SUCCESS. dag_id=dados_climaticos, task_id=cria_pasta, execution_date=20230612T000000, start_date=20230622T131856, end_date=20230622T131856
[2023-06-22 10:18:56,586] {local_task_job.py:156} INFO - Task exited with return code 0
[2023-06-22 10:18:56,615] {local_task_job.py:273} INFO - 1 downstream tasks scheduled from follow-on schedule check
