[2023-06-21 16:29:34,982] {taskinstance.py:1159} INFO - Dependencies all met for <TaskInstance: dados_climaticos.cria_pasta scheduled__2022-10-31T00:00:00+00:00 [queued]>
[2023-06-21 16:29:34,989] {taskinstance.py:1159} INFO - Dependencies all met for <TaskInstance: dados_climaticos.cria_pasta scheduled__2022-10-31T00:00:00+00:00 [queued]>
[2023-06-21 16:29:34,989] {taskinstance.py:1356} INFO - 
--------------------------------------------------------------------------------
[2023-06-21 16:29:34,989] {taskinstance.py:1357} INFO - Starting attempt 1 of 1
[2023-06-21 16:29:34,989] {taskinstance.py:1358} INFO - 
--------------------------------------------------------------------------------
[2023-06-21 16:29:35,000] {taskinstance.py:1377} INFO - Executing <Task(BashOperator): cria_pasta> on 2022-10-31 00:00:00+00:00
[2023-06-21 16:29:35,004] {standard_task_runner.py:52} INFO - Started process 9652 to run task
[2023-06-21 16:29:35,009] {standard_task_runner.py:79} INFO - Running: ['airflow', 'tasks', 'run', 'dados_climaticos', 'cria_pasta', 'scheduled__2022-10-31T00:00:00+00:00', '--job-id', '85', '--raw', '--subdir', 'DAGS_FOLDER/dados_climaticos_OLD.py', '--cfg-path', '/tmp/tmpa_mu96r5', '--error-file', '/tmp/tmp2b32rdjh']
[2023-06-21 16:29:35,010] {standard_task_runner.py:80} INFO - Job 85: Subtask cria_pasta
[2023-06-21 16:29:35,046] {task_command.py:370} INFO - Running <TaskInstance: dados_climaticos.cria_pasta scheduled__2022-10-31T00:00:00+00:00 [running]> on host alura
[2023-06-21 16:29:35,069] {taskinstance.py:1889} ERROR - Task failed with exception
Traceback (most recent call last):
  File "/home/gilmar/Documentos/airflowalura/venv/lib/python3.9/site-packages/airflow/models/taskinstance.py", line 1451, in _run_raw_task
    self._execute_task_with_callbacks(context, test_mode)
  File "/home/gilmar/Documentos/airflowalura/venv/lib/python3.9/site-packages/airflow/models/taskinstance.py", line 1555, in _execute_task_with_callbacks
    task_orig = self.render_templates(context=context)
  File "/home/gilmar/Documentos/airflowalura/venv/lib/python3.9/site-packages/airflow/models/taskinstance.py", line 2212, in render_templates
    rendered_task = self.task.render_template_fields(context)
  File "/home/gilmar/Documentos/airflowalura/venv/lib/python3.9/site-packages/airflow/models/baseoperator.py", line 1185, in render_template_fields
    self._do_render_template_fields(self, self.template_fields, context, jinja_env, set())
  File "/home/gilmar/Documentos/airflowalura/venv/lib/python3.9/site-packages/airflow/utils/session.py", line 71, in wrapper
    return func(*args, session=session, **kwargs)
  File "/home/gilmar/Documentos/airflowalura/venv/lib/python3.9/site-packages/airflow/models/abstractoperator.py", line 344, in _do_render_template_fields
    rendered_content = self.render_template(
  File "/home/gilmar/Documentos/airflowalura/venv/lib/python3.9/site-packages/airflow/models/abstractoperator.py", line 387, in render_template
    template = jinja_env.from_string(value)
  File "/home/gilmar/Documentos/airflowalura/venv/lib/python3.9/site-packages/jinja2/environment.py", line 1092, in from_string
    return cls.from_code(self, self.compile(source), gs, None)
  File "/home/gilmar/Documentos/airflowalura/venv/lib/python3.9/site-packages/jinja2/environment.py", line 757, in compile
    self.handle_exception(source=source_hint)
  File "/home/gilmar/Documentos/airflowalura/venv/lib/python3.9/site-packages/jinja2/environment.py", line 925, in handle_exception
    raise rewrite_traceback_stack(source=source)
  File "<unknown>", line 1, in template
jinja2.exceptions.TemplateSyntaxError: unexpected end of template, expected ','.
[2023-06-21 16:29:35,074] {taskinstance.py:1395} INFO - Marking task as FAILED. dag_id=dados_climaticos, task_id=cria_pasta, execution_date=20221031T000000, start_date=20230621T192934, end_date=20230621T192935
[2023-06-21 16:29:35,097] {standard_task_runner.py:92} ERROR - Failed to execute job 85 for task cria_pasta (unexpected end of template, expected ','.; 9652)
[2023-06-21 16:29:35,115] {local_task_job.py:156} INFO - Task exited with return code 1
[2023-06-21 16:29:35,143] {local_task_job.py:273} INFO - 0 downstream tasks scheduled from follow-on schedule check
[2023-06-21 16:31:11,482] {taskinstance.py:1159} INFO - Dependencies all met for <TaskInstance: dados_climaticos.cria_pasta scheduled__2022-10-31T00:00:00+00:00 [queued]>
[2023-06-21 16:31:11,487] {taskinstance.py:1159} INFO - Dependencies all met for <TaskInstance: dados_climaticos.cria_pasta scheduled__2022-10-31T00:00:00+00:00 [queued]>
[2023-06-21 16:31:11,487] {taskinstance.py:1356} INFO - 
--------------------------------------------------------------------------------
[2023-06-21 16:31:11,487] {taskinstance.py:1357} INFO - Starting attempt 1 of 1
[2023-06-21 16:31:11,487] {taskinstance.py:1358} INFO - 
--------------------------------------------------------------------------------
[2023-06-21 16:31:11,496] {taskinstance.py:1377} INFO - Executing <Task(BashOperator): cria_pasta> on 2022-10-31 00:00:00+00:00
[2023-06-21 16:31:11,499] {standard_task_runner.py:52} INFO - Started process 10234 to run task
[2023-06-21 16:31:11,502] {standard_task_runner.py:79} INFO - Running: ['airflow', 'tasks', 'run', 'dados_climaticos', 'cria_pasta', 'scheduled__2022-10-31T00:00:00+00:00', '--job-id', '80', '--raw', '--subdir', 'DAGS_FOLDER/dados_climaticos_OLD.py', '--cfg-path', '/tmp/tmp8oa_15ux', '--error-file', '/tmp/tmp4gwbip52']
[2023-06-21 16:31:11,503] {standard_task_runner.py:80} INFO - Job 80: Subtask cria_pasta
[2023-06-21 16:31:11,535] {task_command.py:370} INFO - Running <TaskInstance: dados_climaticos.cria_pasta scheduled__2022-10-31T00:00:00+00:00 [running]> on host alura
[2023-06-21 16:31:11,552] {taskinstance.py:1889} ERROR - Task failed with exception
Traceback (most recent call last):
  File "/home/gilmar/Documentos/airflowalura/venv/lib/python3.9/site-packages/airflow/models/taskinstance.py", line 1451, in _run_raw_task
    self._execute_task_with_callbacks(context, test_mode)
  File "/home/gilmar/Documentos/airflowalura/venv/lib/python3.9/site-packages/airflow/models/taskinstance.py", line 1555, in _execute_task_with_callbacks
    task_orig = self.render_templates(context=context)
  File "/home/gilmar/Documentos/airflowalura/venv/lib/python3.9/site-packages/airflow/models/taskinstance.py", line 2212, in render_templates
    rendered_task = self.task.render_template_fields(context)
  File "/home/gilmar/Documentos/airflowalura/venv/lib/python3.9/site-packages/airflow/models/baseoperator.py", line 1185, in render_template_fields
    self._do_render_template_fields(self, self.template_fields, context, jinja_env, set())
  File "/home/gilmar/Documentos/airflowalura/venv/lib/python3.9/site-packages/airflow/utils/session.py", line 71, in wrapper
    return func(*args, session=session, **kwargs)
  File "/home/gilmar/Documentos/airflowalura/venv/lib/python3.9/site-packages/airflow/models/abstractoperator.py", line 344, in _do_render_template_fields
    rendered_content = self.render_template(
  File "/home/gilmar/Documentos/airflowalura/venv/lib/python3.9/site-packages/airflow/models/abstractoperator.py", line 387, in render_template
    template = jinja_env.from_string(value)
  File "/home/gilmar/Documentos/airflowalura/venv/lib/python3.9/site-packages/jinja2/environment.py", line 1092, in from_string
    return cls.from_code(self, self.compile(source), gs, None)
  File "/home/gilmar/Documentos/airflowalura/venv/lib/python3.9/site-packages/jinja2/environment.py", line 757, in compile
    self.handle_exception(source=source_hint)
  File "/home/gilmar/Documentos/airflowalura/venv/lib/python3.9/site-packages/jinja2/environment.py", line 925, in handle_exception
    raise rewrite_traceback_stack(source=source)
  File "<unknown>", line 1, in template
jinja2.exceptions.TemplateSyntaxError: unexpected end of template, expected ','.
[2023-06-21 16:31:11,556] {taskinstance.py:1395} INFO - Marking task as FAILED. dag_id=dados_climaticos, task_id=cria_pasta, execution_date=20221031T000000, start_date=20230621T193111, end_date=20230621T193111
[2023-06-21 16:31:11,563] {standard_task_runner.py:92} ERROR - Failed to execute job 80 for task cria_pasta (unexpected end of template, expected ','.; 10234)
[2023-06-21 16:31:11,598] {local_task_job.py:156} INFO - Task exited with return code 1
[2023-06-21 16:31:11,623] {local_task_job.py:273} INFO - 0 downstream tasks scheduled from follow-on schedule check
[2023-06-22 10:19:02,955] {taskinstance.py:1159} INFO - Dependencies all met for <TaskInstance: dados_climaticos.cria_pasta scheduled__2022-10-31T00:00:00+00:00 [queued]>
[2023-06-22 10:19:02,963] {taskinstance.py:1159} INFO - Dependencies all met for <TaskInstance: dados_climaticos.cria_pasta scheduled__2022-10-31T00:00:00+00:00 [queued]>
[2023-06-22 10:19:02,963] {taskinstance.py:1356} INFO - 
--------------------------------------------------------------------------------
[2023-06-22 10:19:02,963] {taskinstance.py:1357} INFO - Starting attempt 1 of 1
[2023-06-22 10:19:02,963] {taskinstance.py:1358} INFO - 
--------------------------------------------------------------------------------
[2023-06-22 10:19:02,973] {taskinstance.py:1377} INFO - Executing <Task(BashOperator): cria_pasta> on 2022-10-31 00:00:00+00:00
[2023-06-22 10:19:02,977] {standard_task_runner.py:52} INFO - Started process 9095 to run task
[2023-06-22 10:19:02,980] {standard_task_runner.py:79} INFO - Running: ['airflow', 'tasks', 'run', 'dados_climaticos', 'cria_pasta', 'scheduled__2022-10-31T00:00:00+00:00', '--job-id', '159', '--raw', '--subdir', 'DAGS_FOLDER/dados_climaticos.py', '--cfg-path', '/tmp/tmp203ivvxd', '--error-file', '/tmp/tmp8hc_aimv']
[2023-06-22 10:19:02,981] {standard_task_runner.py:80} INFO - Job 159: Subtask cria_pasta
[2023-06-22 10:19:03,014] {task_command.py:370} INFO - Running <TaskInstance: dados_climaticos.cria_pasta scheduled__2022-10-31T00:00:00+00:00 [running]> on host alura
[2023-06-22 10:19:03,052] {taskinstance.py:1569} INFO - Exporting the following env vars:
AIRFLOW_CTX_DAG_OWNER=airflow
AIRFLOW_CTX_DAG_ID=dados_climaticos
AIRFLOW_CTX_TASK_ID=cria_pasta
AIRFLOW_CTX_EXECUTION_DATE=2022-10-31T00:00:00+00:00
AIRFLOW_CTX_TRY_NUMBER=1
AIRFLOW_CTX_DAG_RUN_ID=scheduled__2022-10-31T00:00:00+00:00
[2023-06-22 10:19:03,054] {subprocess.py:62} INFO - Tmp dir root location: 
 /tmp
[2023-06-22 10:19:03,054] {subprocess.py:74} INFO - Running command: ['bash', '-c', 'mkdir -p "/home/gilmar/Documentos/airflowalura/semana=2022-11-07"']
[2023-06-22 10:19:03,061] {subprocess.py:85} INFO - Output:
[2023-06-22 10:19:03,064] {subprocess.py:96} INFO - Command exited with return code 0
[2023-06-22 10:19:03,081] {taskinstance.py:1395} INFO - Marking task as SUCCESS. dag_id=dados_climaticos, task_id=cria_pasta, execution_date=20221031T000000, start_date=20230622T131902, end_date=20230622T131903
[2023-06-22 10:19:03,116] {local_task_job.py:156} INFO - Task exited with return code 0
[2023-06-22 10:19:03,144] {local_task_job.py:273} INFO - 1 downstream tasks scheduled from follow-on schedule check
