[2023-06-21 16:31:46,637] {taskinstance.py:1159} INFO - Dependencies all met for <TaskInstance: dados_climaticos.cria_pasta scheduled__2022-12-12T00:00:00+00:00 [queued]>
[2023-06-21 16:31:46,642] {taskinstance.py:1159} INFO - Dependencies all met for <TaskInstance: dados_climaticos.cria_pasta scheduled__2022-12-12T00:00:00+00:00 [queued]>
[2023-06-21 16:31:46,642] {taskinstance.py:1356} INFO - 
--------------------------------------------------------------------------------
[2023-06-21 16:31:46,642] {taskinstance.py:1357} INFO - Starting attempt 1 of 1
[2023-06-21 16:31:46,642] {taskinstance.py:1358} INFO - 
--------------------------------------------------------------------------------
[2023-06-21 16:31:46,652] {taskinstance.py:1377} INFO - Executing <Task(BashOperator): cria_pasta> on 2022-12-12 00:00:00+00:00
[2023-06-21 16:31:46,656] {standard_task_runner.py:52} INFO - Started process 10516 to run task
[2023-06-21 16:31:46,659] {standard_task_runner.py:79} INFO - Running: ['airflow', 'tasks', 'run', 'dados_climaticos', 'cria_pasta', 'scheduled__2022-12-12T00:00:00+00:00', '--job-id', '96', '--raw', '--subdir', 'DAGS_FOLDER/dados_climaticos.py', '--cfg-path', '/tmp/tmpn_0brac3', '--error-file', '/tmp/tmpe64t5gns']
[2023-06-21 16:31:46,660] {standard_task_runner.py:80} INFO - Job 96: Subtask cria_pasta
[2023-06-21 16:31:46,694] {task_command.py:370} INFO - Running <TaskInstance: dados_climaticos.cria_pasta scheduled__2022-12-12T00:00:00+00:00 [running]> on host alura
[2023-06-21 16:31:46,739] {taskinstance.py:1569} INFO - Exporting the following env vars:
AIRFLOW_CTX_DAG_OWNER=airflow
AIRFLOW_CTX_DAG_ID=dados_climaticos
AIRFLOW_CTX_TASK_ID=cria_pasta
AIRFLOW_CTX_EXECUTION_DATE=2022-12-12T00:00:00+00:00
AIRFLOW_CTX_TRY_NUMBER=1
AIRFLOW_CTX_DAG_RUN_ID=scheduled__2022-12-12T00:00:00+00:00
[2023-06-21 16:31:46,740] {subprocess.py:62} INFO - Tmp dir root location: 
 /tmp
[2023-06-21 16:31:46,741] {subprocess.py:74} INFO - Running command: ['bash', '-c', 'mkdir -p "/home/gilmar/Documentos/airflowalura/semana=2022-12-19"']
[2023-06-21 16:31:46,751] {subprocess.py:85} INFO - Output:
[2023-06-21 16:31:46,752] {subprocess.py:96} INFO - Command exited with return code 0
[2023-06-21 16:31:46,771] {taskinstance.py:1395} INFO - Marking task as SUCCESS. dag_id=dados_climaticos, task_id=cria_pasta, execution_date=20221212T000000, start_date=20230621T193146, end_date=20230621T193146
[2023-06-21 16:31:46,795] {local_task_job.py:156} INFO - Task exited with return code 0
[2023-06-21 16:31:46,826] {local_task_job.py:273} INFO - 1 downstream tasks scheduled from follow-on schedule check
