[2023-06-21 10:15:59,514] {taskinstance.py:1159} INFO - Dependencies all met for <TaskInstance: atividade_aula_4.cumprimentos scheduled__2023-06-20T00:00:00+00:00 [queued]>
[2023-06-21 10:15:59,520] {taskinstance.py:1159} INFO - Dependencies all met for <TaskInstance: atividade_aula_4.cumprimentos scheduled__2023-06-20T00:00:00+00:00 [queued]>
[2023-06-21 10:15:59,520] {taskinstance.py:1356} INFO - 
--------------------------------------------------------------------------------
[2023-06-21 10:15:59,520] {taskinstance.py:1357} INFO - Starting attempt 1 of 1
[2023-06-21 10:15:59,520] {taskinstance.py:1358} INFO - 
--------------------------------------------------------------------------------
[2023-06-21 10:15:59,546] {taskinstance.py:1377} INFO - Executing <Task(PythonOperator): cumprimentos> on 2023-06-20 00:00:00+00:00
[2023-06-21 10:15:59,552] {standard_task_runner.py:79} INFO - Running: ['airflow', 'tasks', 'run', 'atividade_aula_4', 'cumprimentos', 'scheduled__2023-06-20T00:00:00+00:00', '--job-id', '11', '--raw', '--subdir', 'DAGS_FOLDER/atividade_aula_4.py', '--cfg-path', '/tmp/tmpjainoebo', '--error-file', '/tmp/tmpbpe5tdvb']
[2023-06-21 10:15:59,549] {standard_task_runner.py:52} INFO - Started process 11849 to run task
[2023-06-21 10:15:59,553] {standard_task_runner.py:80} INFO - Job 11: Subtask cumprimentos
[2023-06-21 10:15:59,670] {task_command.py:370} INFO - Running <TaskInstance: atividade_aula_4.cumprimentos scheduled__2023-06-20T00:00:00+00:00 [running]> on host alura
[2023-06-21 10:15:59,741] {taskinstance.py:1569} INFO - Exporting the following env vars:
AIRFLOW_CTX_DAG_OWNER=airflow
AIRFLOW_CTX_DAG_ID=atividade_aula_4
AIRFLOW_CTX_TASK_ID=cumprimentos
AIRFLOW_CTX_EXECUTION_DATE=2023-06-20T00:00:00+00:00
AIRFLOW_CTX_TRY_NUMBER=1
AIRFLOW_CTX_DAG_RUN_ID=scheduled__2023-06-20T00:00:00+00:00
[2023-06-21 10:15:59,744] {logging_mixin.py:115} INFO - Boas-vindas ao Airflow!
[2023-06-21 10:15:59,744] {python.py:173} INFO - Done. Returned value was: None
[2023-06-21 10:15:59,756] {taskinstance.py:1395} INFO - Marking task as SUCCESS. dag_id=atividade_aula_4, task_id=cumprimentos, execution_date=20230620T000000, start_date=20230621T131559, end_date=20230621T131559
[2023-06-21 10:15:59,780] {local_task_job.py:156} INFO - Task exited with return code 0
[2023-06-21 10:15:59,797] {local_task_job.py:273} INFO - 0 downstream tasks scheduled from follow-on schedule check
