[2023-06-21 16:35:28,349] {taskinstance.py:1159} INFO - Dependencies all met for <TaskInstance: dados_climaticos.cria_pasta scheduled__2023-01-02T00:00:00+00:00 [queued]>
[2023-06-21 16:35:28,353] {taskinstance.py:1159} INFO - Dependencies all met for <TaskInstance: dados_climaticos.cria_pasta scheduled__2023-01-02T00:00:00+00:00 [queued]>
[2023-06-21 16:35:28,353] {taskinstance.py:1356} INFO - 
--------------------------------------------------------------------------------
[2023-06-21 16:35:28,353] {taskinstance.py:1357} INFO - Starting attempt 1 of 1
[2023-06-21 16:35:28,354] {taskinstance.py:1358} INFO - 
--------------------------------------------------------------------------------
[2023-06-21 16:35:28,372] {taskinstance.py:1377} INFO - Executing <Task(BashOperator): cria_pasta> on 2023-01-02 00:00:00+00:00
[2023-06-21 16:35:28,376] {standard_task_runner.py:52} INFO - Started process 11660 to run task
[2023-06-21 16:35:28,380] {standard_task_runner.py:79} INFO - Running: ['airflow', 'tasks', 'run', 'dados_climaticos', 'cria_pasta', 'scheduled__2023-01-02T00:00:00+00:00', '--job-id', '102', '--raw', '--subdir', 'DAGS_FOLDER/dados_climaticos.py', '--cfg-path', '/tmp/tmpi6497o3b', '--error-file', '/tmp/tmpsskoehal']
[2023-06-21 16:35:28,380] {standard_task_runner.py:80} INFO - Job 102: Subtask cria_pasta
[2023-06-21 16:35:28,423] {task_command.py:370} INFO - Running <TaskInstance: dados_climaticos.cria_pasta scheduled__2023-01-02T00:00:00+00:00 [running]> on host alura
[2023-06-21 16:35:28,465] {taskinstance.py:1569} INFO - Exporting the following env vars:
AIRFLOW_CTX_DAG_OWNER=airflow
AIRFLOW_CTX_DAG_ID=dados_climaticos
AIRFLOW_CTX_TASK_ID=cria_pasta
AIRFLOW_CTX_EXECUTION_DATE=2023-01-02T00:00:00+00:00
AIRFLOW_CTX_TRY_NUMBER=1
AIRFLOW_CTX_DAG_RUN_ID=scheduled__2023-01-02T00:00:00+00:00
[2023-06-21 16:35:28,466] {subprocess.py:62} INFO - Tmp dir root location: 
 /tmp
[2023-06-21 16:35:28,466] {subprocess.py:74} INFO - Running command: ['bash', '-c', 'mkdir -p "/home/gilmar/Documentos/airflowalura/semana=2023-01-09"']
[2023-06-21 16:35:28,474] {subprocess.py:85} INFO - Output:
[2023-06-21 16:35:28,478] {subprocess.py:96} INFO - Command exited with return code 0
[2023-06-21 16:35:28,496] {taskinstance.py:1395} INFO - Marking task as SUCCESS. dag_id=dados_climaticos, task_id=cria_pasta, execution_date=20230102T000000, start_date=20230621T193528, end_date=20230621T193528
[2023-06-21 16:35:28,517] {local_task_job.py:156} INFO - Task exited with return code 0
[2023-06-21 16:35:28,536] {local_task_job.py:273} INFO - 1 downstream tasks scheduled from follow-on schedule check
