[2023-06-21 16:28:53,845] {processor.py:153} INFO - Started process (PID=9329) to work on /home/gilmar/Documentos/airflowalura/dags/dados_climaticos_OLD.py
[2023-06-21 16:28:53,846] {processor.py:641} INFO - Processing file /home/gilmar/Documentos/airflowalura/dags/dados_climaticos_OLD.py for tasks to queue
[2023-06-21 16:28:53,846] {logging_mixin.py:115} INFO - [2023-06-21 16:28:53,846] {dagbag.py:507} INFO - Filling up the DagBag from /home/gilmar/Documentos/airflowalura/dags/dados_climaticos_OLD.py
[2023-06-21 16:28:54,212] {processor.py:651} INFO - DAG(s) dict_keys(['dados_climaticos']) retrieved from /home/gilmar/Documentos/airflowalura/dags/dados_climaticos_OLD.py
[2023-06-21 16:28:54,258] {logging_mixin.py:115} INFO - [2023-06-21 16:28:54,258] {dag.py:2379} INFO - Sync 1 DAGs
[2023-06-21 16:28:54,263] {logging_mixin.py:115} INFO - [2023-06-21 16:28:54,263] {dag.py:2398} INFO - Creating ORM DAG for dados_climaticos
[2023-06-21 16:28:54,275] {logging_mixin.py:115} INFO - [2023-06-21 16:28:54,274] {dag.py:2927} INFO - Setting next_dagrun for dados_climaticos to 2022-08-22T00:00:00+00:00, run_after=2022-08-29T00:00:00+00:00
[2023-06-21 16:28:54,292] {processor.py:161} INFO - Processing /home/gilmar/Documentos/airflowalura/dags/dados_climaticos_OLD.py took 0.451 seconds
[2023-06-21 16:29:26,709] {processor.py:153} INFO - Started process (PID=9579) to work on /home/gilmar/Documentos/airflowalura/dags/dados_climaticos_OLD.py
[2023-06-21 16:29:26,710] {processor.py:641} INFO - Processing file /home/gilmar/Documentos/airflowalura/dags/dados_climaticos_OLD.py for tasks to queue
[2023-06-21 16:29:26,710] {logging_mixin.py:115} INFO - [2023-06-21 16:29:26,710] {dagbag.py:507} INFO - Filling up the DagBag from /home/gilmar/Documentos/airflowalura/dags/dados_climaticos_OLD.py
[2023-06-21 16:29:26,960] {processor.py:651} INFO - DAG(s) dict_keys(['dados_climaticos']) retrieved from /home/gilmar/Documentos/airflowalura/dags/dados_climaticos_OLD.py
[2023-06-21 16:29:26,969] {logging_mixin.py:115} INFO - [2023-06-21 16:29:26,969] {dag.py:2379} INFO - Sync 1 DAGs
[2023-06-21 16:29:26,981] {logging_mixin.py:115} INFO - [2023-06-21 16:29:26,980] {dag.py:2927} INFO - Setting next_dagrun for dados_climaticos to 2022-10-10T00:00:00+00:00, run_after=2022-10-17T00:00:00+00:00
[2023-06-21 16:29:26,989] {processor.py:161} INFO - Processing /home/gilmar/Documentos/airflowalura/dags/dados_climaticos_OLD.py took 0.283 seconds
[2023-06-21 16:30:09,628] {processor.py:153} INFO - Started process (PID=9854) to work on /home/gilmar/Documentos/airflowalura/dags/dados_climaticos_OLD.py
[2023-06-21 16:30:09,629] {processor.py:641} INFO - Processing file /home/gilmar/Documentos/airflowalura/dags/dados_climaticos_OLD.py for tasks to queue
[2023-06-21 16:30:09,630] {logging_mixin.py:115} INFO - [2023-06-21 16:30:09,630] {dagbag.py:507} INFO - Filling up the DagBag from /home/gilmar/Documentos/airflowalura/dags/dados_climaticos_OLD.py
[2023-06-21 16:30:09,875] {processor.py:651} INFO - DAG(s) dict_keys(['dados_climaticos']) retrieved from /home/gilmar/Documentos/airflowalura/dags/dados_climaticos_OLD.py
[2023-06-21 16:30:09,880] {logging_mixin.py:115} INFO - [2023-06-21 16:30:09,880] {dag.py:2379} INFO - Sync 1 DAGs
[2023-06-21 16:30:09,891] {logging_mixin.py:115} INFO - [2023-06-21 16:30:09,891] {dag.py:2927} INFO - Setting next_dagrun for dados_climaticos to 2022-08-22T00:00:00+00:00, run_after=2022-08-29T00:00:00+00:00
[2023-06-21 16:30:09,899] {processor.py:161} INFO - Processing /home/gilmar/Documentos/airflowalura/dags/dados_climaticos_OLD.py took 0.274 seconds
[2023-06-21 16:30:42,803] {processor.py:153} INFO - Started process (PID=10018) to work on /home/gilmar/Documentos/airflowalura/dags/dados_climaticos_OLD.py
[2023-06-21 16:30:42,805] {processor.py:641} INFO - Processing file /home/gilmar/Documentos/airflowalura/dags/dados_climaticos_OLD.py for tasks to queue
[2023-06-21 16:30:42,805] {logging_mixin.py:115} INFO - [2023-06-21 16:30:42,805] {dagbag.py:507} INFO - Filling up the DagBag from /home/gilmar/Documentos/airflowalura/dags/dados_climaticos_OLD.py
[2023-06-21 16:30:43,166] {processor.py:651} INFO - DAG(s) dict_keys(['dados_climaticos']) retrieved from /home/gilmar/Documentos/airflowalura/dags/dados_climaticos_OLD.py
[2023-06-21 16:30:43,200] {logging_mixin.py:115} INFO - [2023-06-21 16:30:43,200] {dag.py:2379} INFO - Sync 1 DAGs
[2023-06-21 16:30:43,213] {logging_mixin.py:115} INFO - [2023-06-21 16:30:43,213] {dag.py:2927} INFO - Setting next_dagrun for dados_climaticos to 2022-08-22T00:00:00+00:00, run_after=2022-08-29T00:00:00+00:00
[2023-06-21 16:30:43,226] {processor.py:161} INFO - Processing /home/gilmar/Documentos/airflowalura/dags/dados_climaticos_OLD.py took 0.426 seconds
[2023-06-21 16:31:59,808] {processor.py:153} INFO - Started process (PID=10607) to work on /home/gilmar/Documentos/airflowalura/dags/dados_climaticos_OLD.py
[2023-06-21 16:31:59,809] {processor.py:641} INFO - Processing file /home/gilmar/Documentos/airflowalura/dags/dados_climaticos_OLD.py for tasks to queue
[2023-06-21 16:31:59,810] {logging_mixin.py:115} INFO - [2023-06-21 16:31:59,810] {dagbag.py:507} INFO - Filling up the DagBag from /home/gilmar/Documentos/airflowalura/dags/dados_climaticos_OLD.py
[2023-06-21 16:32:00,064] {processor.py:651} INFO - DAG(s) dict_keys(['dados_climaticos']) retrieved from /home/gilmar/Documentos/airflowalura/dags/dados_climaticos_OLD.py
[2023-06-21 16:32:00,069] {logging_mixin.py:115} INFO - [2023-06-21 16:32:00,069] {dag.py:2379} INFO - Sync 1 DAGs
[2023-06-21 16:32:00,080] {logging_mixin.py:115} INFO - [2023-06-21 16:32:00,080] {dag.py:2927} INFO - Setting next_dagrun for dados_climaticos to 2023-06-19T00:00:00+00:00, run_after=2023-06-26T00:00:00+00:00
[2023-06-21 16:32:00,089] {processor.py:161} INFO - Processing /home/gilmar/Documentos/airflowalura/dags/dados_climaticos_OLD.py took 0.284 seconds
[2023-06-21 16:32:37,417] {processor.py:153} INFO - Started process (PID=10794) to work on /home/gilmar/Documentos/airflowalura/dags/dados_climaticos_OLD.py
[2023-06-21 16:32:37,418] {processor.py:641} INFO - Processing file /home/gilmar/Documentos/airflowalura/dags/dados_climaticos_OLD.py for tasks to queue
[2023-06-21 16:32:37,419] {logging_mixin.py:115} INFO - [2023-06-21 16:32:37,419] {dagbag.py:507} INFO - Filling up the DagBag from /home/gilmar/Documentos/airflowalura/dags/dados_climaticos_OLD.py
[2023-06-21 16:32:37,674] {processor.py:651} INFO - DAG(s) dict_keys(['dados_climaticos']) retrieved from /home/gilmar/Documentos/airflowalura/dags/dados_climaticos_OLD.py
[2023-06-21 16:32:37,701] {logging_mixin.py:115} INFO - [2023-06-21 16:32:37,700] {dag.py:2379} INFO - Sync 1 DAGs
[2023-06-21 16:32:37,712] {logging_mixin.py:115} INFO - [2023-06-21 16:32:37,712] {dag.py:2927} INFO - Setting next_dagrun for dados_climaticos to 2023-06-19T00:00:00+00:00, run_after=2023-06-26T00:00:00+00:00
[2023-06-21 16:32:37,724] {processor.py:161} INFO - Processing /home/gilmar/Documentos/airflowalura/dags/dados_climaticos_OLD.py took 0.312 seconds
[2023-06-21 16:33:12,182] {processor.py:153} INFO - Started process (PID=10964) to work on /home/gilmar/Documentos/airflowalura/dags/dados_climaticos_OLD.py
[2023-06-21 16:33:12,183] {processor.py:641} INFO - Processing file /home/gilmar/Documentos/airflowalura/dags/dados_climaticos_OLD.py for tasks to queue
[2023-06-21 16:33:12,183] {logging_mixin.py:115} INFO - [2023-06-21 16:33:12,183] {dagbag.py:507} INFO - Filling up the DagBag from /home/gilmar/Documentos/airflowalura/dags/dados_climaticos_OLD.py
[2023-06-21 16:33:12,428] {processor.py:651} INFO - DAG(s) dict_keys(['dados_climaticos']) retrieved from /home/gilmar/Documentos/airflowalura/dags/dados_climaticos_OLD.py
[2023-06-21 16:33:12,433] {logging_mixin.py:115} INFO - [2023-06-21 16:33:12,433] {dag.py:2379} INFO - Sync 1 DAGs
[2023-06-21 16:33:12,446] {logging_mixin.py:115} INFO - [2023-06-21 16:33:12,446] {dag.py:2927} INFO - Setting next_dagrun for dados_climaticos to 2023-06-19T00:00:00+00:00, run_after=2023-06-26T00:00:00+00:00
[2023-06-21 16:33:12,455] {processor.py:161} INFO - Processing /home/gilmar/Documentos/airflowalura/dags/dados_climaticos_OLD.py took 0.275 seconds
[2023-06-21 16:33:49,206] {processor.py:153} INFO - Started process (PID=11148) to work on /home/gilmar/Documentos/airflowalura/dags/dados_climaticos_OLD.py
[2023-06-21 16:33:49,207] {processor.py:641} INFO - Processing file /home/gilmar/Documentos/airflowalura/dags/dados_climaticos_OLD.py for tasks to queue
[2023-06-21 16:33:49,207] {logging_mixin.py:115} INFO - [2023-06-21 16:33:49,207] {dagbag.py:507} INFO - Filling up the DagBag from /home/gilmar/Documentos/airflowalura/dags/dados_climaticos_OLD.py
[2023-06-21 16:33:49,437] {processor.py:651} INFO - DAG(s) dict_keys(['dados_climaticos']) retrieved from /home/gilmar/Documentos/airflowalura/dags/dados_climaticos_OLD.py
[2023-06-21 16:33:49,462] {logging_mixin.py:115} INFO - [2023-06-21 16:33:49,462] {dag.py:2379} INFO - Sync 1 DAGs
[2023-06-21 16:33:49,473] {logging_mixin.py:115} INFO - [2023-06-21 16:33:49,473] {dag.py:2927} INFO - Setting next_dagrun for dados_climaticos to 2023-06-19T00:00:00+00:00, run_after=2023-06-26T00:00:00+00:00
[2023-06-21 16:33:49,482] {processor.py:161} INFO - Processing /home/gilmar/Documentos/airflowalura/dags/dados_climaticos_OLD.py took 0.278 seconds
[2023-06-21 16:34:25,246] {processor.py:153} INFO - Started process (PID=11327) to work on /home/gilmar/Documentos/airflowalura/dags/dados_climaticos_OLD.py
[2023-06-21 16:34:25,247] {processor.py:641} INFO - Processing file /home/gilmar/Documentos/airflowalura/dags/dados_climaticos_OLD.py for tasks to queue
[2023-06-21 16:34:25,247] {logging_mixin.py:115} INFO - [2023-06-21 16:34:25,247] {dagbag.py:507} INFO - Filling up the DagBag from /home/gilmar/Documentos/airflowalura/dags/dados_climaticos_OLD.py
[2023-06-21 16:34:25,470] {processor.py:651} INFO - DAG(s) dict_keys(['dados_climaticos']) retrieved from /home/gilmar/Documentos/airflowalura/dags/dados_climaticos_OLD.py
[2023-06-21 16:34:25,478] {logging_mixin.py:115} INFO - [2023-06-21 16:34:25,478] {dag.py:2379} INFO - Sync 1 DAGs
[2023-06-21 16:34:25,489] {logging_mixin.py:115} INFO - [2023-06-21 16:34:25,489] {dag.py:2927} INFO - Setting next_dagrun for dados_climaticos to 2023-06-19T00:00:00+00:00, run_after=2023-06-26T00:00:00+00:00
[2023-06-21 16:34:25,497] {processor.py:161} INFO - Processing /home/gilmar/Documentos/airflowalura/dags/dados_climaticos_OLD.py took 0.253 seconds
[2023-06-21 16:35:01,404] {processor.py:153} INFO - Started process (PID=11507) to work on /home/gilmar/Documentos/airflowalura/dags/dados_climaticos_OLD.py
[2023-06-21 16:35:01,405] {processor.py:641} INFO - Processing file /home/gilmar/Documentos/airflowalura/dags/dados_climaticos_OLD.py for tasks to queue
[2023-06-21 16:35:01,405] {logging_mixin.py:115} INFO - [2023-06-21 16:35:01,405] {dagbag.py:507} INFO - Filling up the DagBag from /home/gilmar/Documentos/airflowalura/dags/dados_climaticos_OLD.py
[2023-06-21 16:35:01,634] {processor.py:651} INFO - DAG(s) dict_keys(['dados_climaticos']) retrieved from /home/gilmar/Documentos/airflowalura/dags/dados_climaticos_OLD.py
[2023-06-21 16:35:01,639] {logging_mixin.py:115} INFO - [2023-06-21 16:35:01,638] {dag.py:2379} INFO - Sync 1 DAGs
[2023-06-21 16:35:01,650] {logging_mixin.py:115} INFO - [2023-06-21 16:35:01,650] {dag.py:2927} INFO - Setting next_dagrun for dados_climaticos to 2023-06-19T00:00:00+00:00, run_after=2023-06-26T00:00:00+00:00
[2023-06-21 16:35:01,658] {processor.py:161} INFO - Processing /home/gilmar/Documentos/airflowalura/dags/dados_climaticos_OLD.py took 0.257 seconds
[2023-06-21 16:35:40,325] {processor.py:153} INFO - Started process (PID=11763) to work on /home/gilmar/Documentos/airflowalura/dags/dados_climaticos_OLD.py
[2023-06-21 16:35:40,326] {processor.py:641} INFO - Processing file /home/gilmar/Documentos/airflowalura/dags/dados_climaticos_OLD.py for tasks to queue
[2023-06-21 16:35:40,326] {logging_mixin.py:115} INFO - [2023-06-21 16:35:40,326] {dagbag.py:507} INFO - Filling up the DagBag from /home/gilmar/Documentos/airflowalura/dags/dados_climaticos_OLD.py
[2023-06-21 16:35:40,574] {processor.py:651} INFO - DAG(s) dict_keys(['dados_climaticos']) retrieved from /home/gilmar/Documentos/airflowalura/dags/dados_climaticos_OLD.py
[2023-06-21 16:35:40,600] {logging_mixin.py:115} INFO - [2023-06-21 16:35:40,600] {dag.py:2379} INFO - Sync 1 DAGs
[2023-06-21 16:35:40,612] {logging_mixin.py:115} INFO - [2023-06-21 16:35:40,612] {dag.py:2927} INFO - Setting next_dagrun for dados_climaticos to 2023-06-19T00:00:00+00:00, run_after=2023-06-26T00:00:00+00:00
[2023-06-21 16:35:40,621] {processor.py:161} INFO - Processing /home/gilmar/Documentos/airflowalura/dags/dados_climaticos_OLD.py took 0.298 seconds
[2023-06-21 16:36:41,847] {processor.py:153} INFO - Started process (PID=12267) to work on /home/gilmar/Documentos/airflowalura/dags/dados_climaticos_OLD.py
[2023-06-21 16:36:41,848] {processor.py:641} INFO - Processing file /home/gilmar/Documentos/airflowalura/dags/dados_climaticos_OLD.py for tasks to queue
[2023-06-21 16:36:41,849] {logging_mixin.py:115} INFO - [2023-06-21 16:36:41,849] {dagbag.py:507} INFO - Filling up the DagBag from /home/gilmar/Documentos/airflowalura/dags/dados_climaticos_OLD.py
[2023-06-21 16:36:42,095] {processor.py:651} INFO - DAG(s) dict_keys(['dados_climaticos']) retrieved from /home/gilmar/Documentos/airflowalura/dags/dados_climaticos_OLD.py
[2023-06-21 16:36:42,100] {logging_mixin.py:115} INFO - [2023-06-21 16:36:42,100] {dag.py:2379} INFO - Sync 1 DAGs
[2023-06-21 16:36:42,110] {logging_mixin.py:115} INFO - [2023-06-21 16:36:42,110] {dag.py:2927} INFO - Setting next_dagrun for dados_climaticos to 2023-06-19T00:00:00+00:00, run_after=2023-06-26T00:00:00+00:00
[2023-06-21 16:36:42,119] {processor.py:161} INFO - Processing /home/gilmar/Documentos/airflowalura/dags/dados_climaticos_OLD.py took 0.274 seconds
[2023-06-21 16:37:15,262] {processor.py:153} INFO - Started process (PID=12437) to work on /home/gilmar/Documentos/airflowalura/dags/dados_climaticos_OLD.py
[2023-06-21 16:37:15,262] {processor.py:641} INFO - Processing file /home/gilmar/Documentos/airflowalura/dags/dados_climaticos_OLD.py for tasks to queue
[2023-06-21 16:37:15,263] {logging_mixin.py:115} INFO - [2023-06-21 16:37:15,263] {dagbag.py:507} INFO - Filling up the DagBag from /home/gilmar/Documentos/airflowalura/dags/dados_climaticos_OLD.py
[2023-06-21 16:37:15,517] {processor.py:651} INFO - DAG(s) dict_keys(['dados_climaticos']) retrieved from /home/gilmar/Documentos/airflowalura/dags/dados_climaticos_OLD.py
[2023-06-21 16:37:15,544] {logging_mixin.py:115} INFO - [2023-06-21 16:37:15,543] {dag.py:2379} INFO - Sync 1 DAGs
[2023-06-21 16:37:15,555] {logging_mixin.py:115} INFO - [2023-06-21 16:37:15,555] {dag.py:2927} INFO - Setting next_dagrun for dados_climaticos to 2023-06-19T00:00:00+00:00, run_after=2023-06-26T00:00:00+00:00
[2023-06-21 16:37:15,564] {processor.py:161} INFO - Processing /home/gilmar/Documentos/airflowalura/dags/dados_climaticos_OLD.py took 0.305 seconds
[2023-06-21 16:37:47,444] {processor.py:153} INFO - Started process (PID=12598) to work on /home/gilmar/Documentos/airflowalura/dags/dados_climaticos_OLD.py
[2023-06-21 16:37:47,445] {processor.py:641} INFO - Processing file /home/gilmar/Documentos/airflowalura/dags/dados_climaticos_OLD.py for tasks to queue
[2023-06-21 16:37:47,446] {logging_mixin.py:115} INFO - [2023-06-21 16:37:47,446] {dagbag.py:507} INFO - Filling up the DagBag from /home/gilmar/Documentos/airflowalura/dags/dados_climaticos_OLD.py
[2023-06-21 16:37:47,683] {processor.py:651} INFO - DAG(s) dict_keys(['dados_climaticos']) retrieved from /home/gilmar/Documentos/airflowalura/dags/dados_climaticos_OLD.py
[2023-06-21 16:37:47,688] {logging_mixin.py:115} INFO - [2023-06-21 16:37:47,688] {dag.py:2379} INFO - Sync 1 DAGs
[2023-06-21 16:37:47,698] {logging_mixin.py:115} INFO - [2023-06-21 16:37:47,698] {dag.py:2927} INFO - Setting next_dagrun for dados_climaticos to 2023-06-19T00:00:00+00:00, run_after=2023-06-26T00:00:00+00:00
[2023-06-21 16:37:47,707] {processor.py:161} INFO - Processing /home/gilmar/Documentos/airflowalura/dags/dados_climaticos_OLD.py took 0.265 seconds
[2023-06-21 16:38:23,599] {processor.py:153} INFO - Started process (PID=12772) to work on /home/gilmar/Documentos/airflowalura/dags/dados_climaticos_OLD.py
[2023-06-21 16:38:23,600] {processor.py:641} INFO - Processing file /home/gilmar/Documentos/airflowalura/dags/dados_climaticos_OLD.py for tasks to queue
[2023-06-21 16:38:23,601] {logging_mixin.py:115} INFO - [2023-06-21 16:38:23,601] {dagbag.py:507} INFO - Filling up the DagBag from /home/gilmar/Documentos/airflowalura/dags/dados_climaticos_OLD.py
[2023-06-21 16:38:23,856] {processor.py:651} INFO - DAG(s) dict_keys(['dados_climaticos']) retrieved from /home/gilmar/Documentos/airflowalura/dags/dados_climaticos_OLD.py
[2023-06-21 16:38:23,881] {logging_mixin.py:115} INFO - [2023-06-21 16:38:23,881] {dag.py:2379} INFO - Sync 1 DAGs
[2023-06-21 16:38:23,892] {logging_mixin.py:115} INFO - [2023-06-21 16:38:23,892] {dag.py:2927} INFO - Setting next_dagrun for dados_climaticos to 2023-06-19T00:00:00+00:00, run_after=2023-06-26T00:00:00+00:00
[2023-06-21 16:38:23,901] {processor.py:161} INFO - Processing /home/gilmar/Documentos/airflowalura/dags/dados_climaticos_OLD.py took 0.305 seconds
[2023-06-21 16:38:54,711] {processor.py:153} INFO - Started process (PID=12928) to work on /home/gilmar/Documentos/airflowalura/dags/dados_climaticos_OLD.py
[2023-06-21 16:38:54,712] {processor.py:641} INFO - Processing file /home/gilmar/Documentos/airflowalura/dags/dados_climaticos_OLD.py for tasks to queue
[2023-06-21 16:38:54,712] {logging_mixin.py:115} INFO - [2023-06-21 16:38:54,712] {dagbag.py:507} INFO - Filling up the DagBag from /home/gilmar/Documentos/airflowalura/dags/dados_climaticos_OLD.py
[2023-06-21 16:38:54,937] {processor.py:651} INFO - DAG(s) dict_keys(['dados_climaticos']) retrieved from /home/gilmar/Documentos/airflowalura/dags/dados_climaticos_OLD.py
[2023-06-21 16:38:54,941] {logging_mixin.py:115} INFO - [2023-06-21 16:38:54,941] {dag.py:2379} INFO - Sync 1 DAGs
[2023-06-21 16:38:54,952] {logging_mixin.py:115} INFO - [2023-06-21 16:38:54,952] {dag.py:2927} INFO - Setting next_dagrun for dados_climaticos to 2023-06-19T00:00:00+00:00, run_after=2023-06-26T00:00:00+00:00
[2023-06-21 16:38:54,960] {processor.py:161} INFO - Processing /home/gilmar/Documentos/airflowalura/dags/dados_climaticos_OLD.py took 0.252 seconds
[2023-06-21 16:39:29,982] {processor.py:153} INFO - Started process (PID=13104) to work on /home/gilmar/Documentos/airflowalura/dags/dados_climaticos_OLD.py
[2023-06-21 16:39:29,983] {processor.py:641} INFO - Processing file /home/gilmar/Documentos/airflowalura/dags/dados_climaticos_OLD.py for tasks to queue
[2023-06-21 16:39:29,984] {logging_mixin.py:115} INFO - [2023-06-21 16:39:29,984] {dagbag.py:507} INFO - Filling up the DagBag from /home/gilmar/Documentos/airflowalura/dags/dados_climaticos_OLD.py
[2023-06-21 16:39:30,210] {processor.py:651} INFO - DAG(s) dict_keys(['dados_climaticos']) retrieved from /home/gilmar/Documentos/airflowalura/dags/dados_climaticos_OLD.py
[2023-06-21 16:39:30,235] {logging_mixin.py:115} INFO - [2023-06-21 16:39:30,235] {dag.py:2379} INFO - Sync 1 DAGs
[2023-06-21 16:39:30,245] {logging_mixin.py:115} INFO - [2023-06-21 16:39:30,245] {dag.py:2927} INFO - Setting next_dagrun for dados_climaticos to 2023-06-19T00:00:00+00:00, run_after=2023-06-26T00:00:00+00:00
[2023-06-21 16:39:30,254] {processor.py:161} INFO - Processing /home/gilmar/Documentos/airflowalura/dags/dados_climaticos_OLD.py took 0.275 seconds
[2023-06-21 16:40:01,707] {processor.py:153} INFO - Started process (PID=13259) to work on /home/gilmar/Documentos/airflowalura/dags/dados_climaticos_OLD.py
[2023-06-21 16:40:01,708] {processor.py:641} INFO - Processing file /home/gilmar/Documentos/airflowalura/dags/dados_climaticos_OLD.py for tasks to queue
[2023-06-21 16:40:01,708] {logging_mixin.py:115} INFO - [2023-06-21 16:40:01,708] {dagbag.py:507} INFO - Filling up the DagBag from /home/gilmar/Documentos/airflowalura/dags/dados_climaticos_OLD.py
[2023-06-21 16:40:01,932] {processor.py:651} INFO - DAG(s) dict_keys(['dados_climaticos']) retrieved from /home/gilmar/Documentos/airflowalura/dags/dados_climaticos_OLD.py
[2023-06-21 16:40:01,936] {logging_mixin.py:115} INFO - [2023-06-21 16:40:01,936] {dag.py:2379} INFO - Sync 1 DAGs
[2023-06-21 16:40:01,947] {logging_mixin.py:115} INFO - [2023-06-21 16:40:01,947] {dag.py:2927} INFO - Setting next_dagrun for dados_climaticos to 2023-06-19T00:00:00+00:00, run_after=2023-06-26T00:00:00+00:00
[2023-06-21 16:40:01,954] {processor.py:161} INFO - Processing /home/gilmar/Documentos/airflowalura/dags/dados_climaticos_OLD.py took 0.250 seconds
[2023-06-21 16:40:35,148] {processor.py:153} INFO - Started process (PID=13435) to work on /home/gilmar/Documentos/airflowalura/dags/dados_climaticos_OLD.py
[2023-06-21 16:40:35,149] {processor.py:641} INFO - Processing file /home/gilmar/Documentos/airflowalura/dags/dados_climaticos_OLD.py for tasks to queue
[2023-06-21 16:40:35,150] {logging_mixin.py:115} INFO - [2023-06-21 16:40:35,150] {dagbag.py:507} INFO - Filling up the DagBag from /home/gilmar/Documentos/airflowalura/dags/dados_climaticos_OLD.py
[2023-06-21 16:40:35,369] {processor.py:651} INFO - DAG(s) dict_keys(['dados_climaticos']) retrieved from /home/gilmar/Documentos/airflowalura/dags/dados_climaticos_OLD.py
[2023-06-21 16:40:35,397] {logging_mixin.py:115} INFO - [2023-06-21 16:40:35,397] {dag.py:2379} INFO - Sync 1 DAGs
[2023-06-21 16:40:35,408] {logging_mixin.py:115} INFO - [2023-06-21 16:40:35,408] {dag.py:2927} INFO - Setting next_dagrun for dados_climaticos to 2023-06-19T00:00:00+00:00, run_after=2023-06-26T00:00:00+00:00
[2023-06-21 16:40:35,417] {processor.py:161} INFO - Processing /home/gilmar/Documentos/airflowalura/dags/dados_climaticos_OLD.py took 0.271 seconds
[2023-06-21 16:41:13,787] {processor.py:153} INFO - Started process (PID=13624) to work on /home/gilmar/Documentos/airflowalura/dags/dados_climaticos_OLD.py
[2023-06-21 16:41:13,788] {processor.py:641} INFO - Processing file /home/gilmar/Documentos/airflowalura/dags/dados_climaticos_OLD.py for tasks to queue
[2023-06-21 16:41:13,789] {logging_mixin.py:115} INFO - [2023-06-21 16:41:13,789] {dagbag.py:507} INFO - Filling up the DagBag from /home/gilmar/Documentos/airflowalura/dags/dados_climaticos_OLD.py
[2023-06-21 16:41:14,019] {processor.py:651} INFO - DAG(s) dict_keys(['dados_climaticos']) retrieved from /home/gilmar/Documentos/airflowalura/dags/dados_climaticos_OLD.py
[2023-06-21 16:41:14,024] {logging_mixin.py:115} INFO - [2023-06-21 16:41:14,024] {dag.py:2379} INFO - Sync 1 DAGs
[2023-06-21 16:41:14,035] {logging_mixin.py:115} INFO - [2023-06-21 16:41:14,035] {dag.py:2927} INFO - Setting next_dagrun for dados_climaticos to 2023-06-19T00:00:00+00:00, run_after=2023-06-26T00:00:00+00:00
[2023-06-21 16:41:14,043] {processor.py:161} INFO - Processing /home/gilmar/Documentos/airflowalura/dags/dados_climaticos_OLD.py took 0.263 seconds
[2023-06-21 16:41:49,929] {processor.py:153} INFO - Started process (PID=13814) to work on /home/gilmar/Documentos/airflowalura/dags/dados_climaticos_OLD.py
[2023-06-21 16:41:49,930] {processor.py:641} INFO - Processing file /home/gilmar/Documentos/airflowalura/dags/dados_climaticos_OLD.py for tasks to queue
[2023-06-21 16:41:49,930] {logging_mixin.py:115} INFO - [2023-06-21 16:41:49,930] {dagbag.py:507} INFO - Filling up the DagBag from /home/gilmar/Documentos/airflowalura/dags/dados_climaticos_OLD.py
[2023-06-21 16:41:50,175] {processor.py:651} INFO - DAG(s) dict_keys(['dados_climaticos']) retrieved from /home/gilmar/Documentos/airflowalura/dags/dados_climaticos_OLD.py
[2023-06-21 16:41:50,202] {logging_mixin.py:115} INFO - [2023-06-21 16:41:50,202] {dag.py:2379} INFO - Sync 1 DAGs
[2023-06-21 16:41:50,215] {logging_mixin.py:115} INFO - [2023-06-21 16:41:50,215] {dag.py:2927} INFO - Setting next_dagrun for dados_climaticos to 2023-06-19T00:00:00+00:00, run_after=2023-06-26T00:00:00+00:00
[2023-06-21 16:41:50,226] {processor.py:161} INFO - Processing /home/gilmar/Documentos/airflowalura/dags/dados_climaticos_OLD.py took 0.300 seconds
[2023-06-21 16:42:21,053] {processor.py:153} INFO - Started process (PID=13976) to work on /home/gilmar/Documentos/airflowalura/dags/dados_climaticos_OLD.py
[2023-06-21 16:42:21,054] {processor.py:641} INFO - Processing file /home/gilmar/Documentos/airflowalura/dags/dados_climaticos_OLD.py for tasks to queue
[2023-06-21 16:42:21,054] {logging_mixin.py:115} INFO - [2023-06-21 16:42:21,054] {dagbag.py:507} INFO - Filling up the DagBag from /home/gilmar/Documentos/airflowalura/dags/dados_climaticos_OLD.py
[2023-06-21 16:42:21,348] {processor.py:651} INFO - DAG(s) dict_keys(['dados_climaticos']) retrieved from /home/gilmar/Documentos/airflowalura/dags/dados_climaticos_OLD.py
[2023-06-21 16:42:21,357] {logging_mixin.py:115} INFO - [2023-06-21 16:42:21,357] {dag.py:2379} INFO - Sync 1 DAGs
[2023-06-21 16:42:21,370] {logging_mixin.py:115} INFO - [2023-06-21 16:42:21,370] {dag.py:2927} INFO - Setting next_dagrun for dados_climaticos to 2023-06-19T00:00:00+00:00, run_after=2023-06-26T00:00:00+00:00
[2023-06-21 16:42:21,380] {processor.py:161} INFO - Processing /home/gilmar/Documentos/airflowalura/dags/dados_climaticos_OLD.py took 0.331 seconds
[2023-06-21 16:42:52,841] {processor.py:153} INFO - Started process (PID=14139) to work on /home/gilmar/Documentos/airflowalura/dags/dados_climaticos_OLD.py
[2023-06-21 16:42:52,843] {processor.py:641} INFO - Processing file /home/gilmar/Documentos/airflowalura/dags/dados_climaticos_OLD.py for tasks to queue
[2023-06-21 16:42:52,843] {logging_mixin.py:115} INFO - [2023-06-21 16:42:52,843] {dagbag.py:507} INFO - Filling up the DagBag from /home/gilmar/Documentos/airflowalura/dags/dados_climaticos_OLD.py
[2023-06-21 16:42:53,102] {processor.py:651} INFO - DAG(s) dict_keys(['dados_climaticos']) retrieved from /home/gilmar/Documentos/airflowalura/dags/dados_climaticos_OLD.py
[2023-06-21 16:42:53,129] {logging_mixin.py:115} INFO - [2023-06-21 16:42:53,129] {dag.py:2379} INFO - Sync 1 DAGs
[2023-06-21 16:42:53,143] {logging_mixin.py:115} INFO - [2023-06-21 16:42:53,143] {dag.py:2927} INFO - Setting next_dagrun for dados_climaticos to 2023-06-19T00:00:00+00:00, run_after=2023-06-26T00:00:00+00:00
[2023-06-21 16:42:53,159] {processor.py:161} INFO - Processing /home/gilmar/Documentos/airflowalura/dags/dados_climaticos_OLD.py took 0.321 seconds
[2023-06-21 16:43:29,384] {processor.py:153} INFO - Started process (PID=14319) to work on /home/gilmar/Documentos/airflowalura/dags/dados_climaticos_OLD.py
[2023-06-21 16:43:29,385] {processor.py:641} INFO - Processing file /home/gilmar/Documentos/airflowalura/dags/dados_climaticos_OLD.py for tasks to queue
[2023-06-21 16:43:29,385] {logging_mixin.py:115} INFO - [2023-06-21 16:43:29,385] {dagbag.py:507} INFO - Filling up the DagBag from /home/gilmar/Documentos/airflowalura/dags/dados_climaticos_OLD.py
[2023-06-21 16:43:29,608] {processor.py:651} INFO - DAG(s) dict_keys(['dados_climaticos']) retrieved from /home/gilmar/Documentos/airflowalura/dags/dados_climaticos_OLD.py
[2023-06-21 16:43:29,612] {logging_mixin.py:115} INFO - [2023-06-21 16:43:29,612] {dag.py:2379} INFO - Sync 1 DAGs
[2023-06-21 16:43:29,625] {logging_mixin.py:115} INFO - [2023-06-21 16:43:29,625] {dag.py:2927} INFO - Setting next_dagrun for dados_climaticos to 2023-06-19T00:00:00+00:00, run_after=2023-06-26T00:00:00+00:00
[2023-06-21 16:43:29,639] {processor.py:161} INFO - Processing /home/gilmar/Documentos/airflowalura/dags/dados_climaticos_OLD.py took 0.257 seconds
[2023-06-21 16:44:03,794] {processor.py:153} INFO - Started process (PID=14495) to work on /home/gilmar/Documentos/airflowalura/dags/dados_climaticos_OLD.py
[2023-06-21 16:44:03,795] {processor.py:641} INFO - Processing file /home/gilmar/Documentos/airflowalura/dags/dados_climaticos_OLD.py for tasks to queue
[2023-06-21 16:44:03,795] {logging_mixin.py:115} INFO - [2023-06-21 16:44:03,795] {dagbag.py:507} INFO - Filling up the DagBag from /home/gilmar/Documentos/airflowalura/dags/dados_climaticos_OLD.py
[2023-06-21 16:44:04,021] {processor.py:651} INFO - DAG(s) dict_keys(['dados_climaticos']) retrieved from /home/gilmar/Documentos/airflowalura/dags/dados_climaticos_OLD.py
[2023-06-21 16:44:04,046] {logging_mixin.py:115} INFO - [2023-06-21 16:44:04,046] {dag.py:2379} INFO - Sync 1 DAGs
[2023-06-21 16:44:04,057] {logging_mixin.py:115} INFO - [2023-06-21 16:44:04,057] {dag.py:2927} INFO - Setting next_dagrun for dados_climaticos to 2023-06-19T00:00:00+00:00, run_after=2023-06-26T00:00:00+00:00
[2023-06-21 16:44:04,067] {processor.py:161} INFO - Processing /home/gilmar/Documentos/airflowalura/dags/dados_climaticos_OLD.py took 0.277 seconds
[2023-06-21 16:44:40,191] {processor.py:153} INFO - Started process (PID=14678) to work on /home/gilmar/Documentos/airflowalura/dags/dados_climaticos_OLD.py
[2023-06-21 16:44:40,192] {processor.py:641} INFO - Processing file /home/gilmar/Documentos/airflowalura/dags/dados_climaticos_OLD.py for tasks to queue
[2023-06-21 16:44:40,193] {logging_mixin.py:115} INFO - [2023-06-21 16:44:40,192] {dagbag.py:507} INFO - Filling up the DagBag from /home/gilmar/Documentos/airflowalura/dags/dados_climaticos_OLD.py
[2023-06-21 16:44:40,440] {processor.py:651} INFO - DAG(s) dict_keys(['dados_climaticos']) retrieved from /home/gilmar/Documentos/airflowalura/dags/dados_climaticos_OLD.py
[2023-06-21 16:44:40,449] {logging_mixin.py:115} INFO - [2023-06-21 16:44:40,449] {dag.py:2379} INFO - Sync 1 DAGs
[2023-06-21 16:44:40,460] {logging_mixin.py:115} INFO - [2023-06-21 16:44:40,460] {dag.py:2927} INFO - Setting next_dagrun for dados_climaticos to 2023-06-19T00:00:00+00:00, run_after=2023-06-26T00:00:00+00:00
[2023-06-21 16:44:40,482] {processor.py:161} INFO - Processing /home/gilmar/Documentos/airflowalura/dags/dados_climaticos_OLD.py took 0.293 seconds
[2023-06-21 16:45:13,385] {processor.py:153} INFO - Started process (PID=14844) to work on /home/gilmar/Documentos/airflowalura/dags/dados_climaticos_OLD.py
[2023-06-21 16:45:13,385] {processor.py:641} INFO - Processing file /home/gilmar/Documentos/airflowalura/dags/dados_climaticos_OLD.py for tasks to queue
[2023-06-21 16:45:13,386] {logging_mixin.py:115} INFO - [2023-06-21 16:45:13,386] {dagbag.py:507} INFO - Filling up the DagBag from /home/gilmar/Documentos/airflowalura/dags/dados_climaticos_OLD.py
[2023-06-21 16:45:13,625] {processor.py:651} INFO - DAG(s) dict_keys(['dados_climaticos']) retrieved from /home/gilmar/Documentos/airflowalura/dags/dados_climaticos_OLD.py
[2023-06-21 16:45:13,630] {logging_mixin.py:115} INFO - [2023-06-21 16:45:13,630] {dag.py:2379} INFO - Sync 1 DAGs
[2023-06-21 16:45:13,641] {logging_mixin.py:115} INFO - [2023-06-21 16:45:13,641] {dag.py:2927} INFO - Setting next_dagrun for dados_climaticos to 2023-06-19T00:00:00+00:00, run_after=2023-06-26T00:00:00+00:00
[2023-06-21 16:45:13,664] {processor.py:161} INFO - Processing /home/gilmar/Documentos/airflowalura/dags/dados_climaticos_OLD.py took 0.282 seconds
[2023-06-21 16:45:48,214] {processor.py:153} INFO - Started process (PID=15018) to work on /home/gilmar/Documentos/airflowalura/dags/dados_climaticos_OLD.py
[2023-06-21 16:45:48,215] {processor.py:641} INFO - Processing file /home/gilmar/Documentos/airflowalura/dags/dados_climaticos_OLD.py for tasks to queue
[2023-06-21 16:45:48,216] {logging_mixin.py:115} INFO - [2023-06-21 16:45:48,216] {dagbag.py:507} INFO - Filling up the DagBag from /home/gilmar/Documentos/airflowalura/dags/dados_climaticos_OLD.py
[2023-06-21 16:45:48,447] {processor.py:651} INFO - DAG(s) dict_keys(['dados_climaticos']) retrieved from /home/gilmar/Documentos/airflowalura/dags/dados_climaticos_OLD.py
[2023-06-21 16:45:48,472] {logging_mixin.py:115} INFO - [2023-06-21 16:45:48,471] {dag.py:2379} INFO - Sync 1 DAGs
[2023-06-21 16:45:48,482] {logging_mixin.py:115} INFO - [2023-06-21 16:45:48,482] {dag.py:2927} INFO - Setting next_dagrun for dados_climaticos to 2023-06-19T00:00:00+00:00, run_after=2023-06-26T00:00:00+00:00
[2023-06-21 16:45:48,492] {processor.py:161} INFO - Processing /home/gilmar/Documentos/airflowalura/dags/dados_climaticos_OLD.py took 0.285 seconds
[2023-06-21 16:46:22,973] {processor.py:153} INFO - Started process (PID=15195) to work on /home/gilmar/Documentos/airflowalura/dags/dados_climaticos_OLD.py
[2023-06-21 16:46:22,974] {processor.py:641} INFO - Processing file /home/gilmar/Documentos/airflowalura/dags/dados_climaticos_OLD.py for tasks to queue
[2023-06-21 16:46:22,975] {logging_mixin.py:115} INFO - [2023-06-21 16:46:22,975] {dagbag.py:507} INFO - Filling up the DagBag from /home/gilmar/Documentos/airflowalura/dags/dados_climaticos_OLD.py
[2023-06-21 16:46:23,202] {processor.py:651} INFO - DAG(s) dict_keys(['dados_climaticos']) retrieved from /home/gilmar/Documentos/airflowalura/dags/dados_climaticos_OLD.py
[2023-06-21 16:46:23,209] {logging_mixin.py:115} INFO - [2023-06-21 16:46:23,209] {dag.py:2379} INFO - Sync 1 DAGs
[2023-06-21 16:46:23,220] {logging_mixin.py:115} INFO - [2023-06-21 16:46:23,220] {dag.py:2927} INFO - Setting next_dagrun for dados_climaticos to 2023-06-19T00:00:00+00:00, run_after=2023-06-26T00:00:00+00:00
[2023-06-21 16:46:23,228] {processor.py:161} INFO - Processing /home/gilmar/Documentos/airflowalura/dags/dados_climaticos_OLD.py took 0.262 seconds
[2023-06-21 16:46:59,066] {processor.py:153} INFO - Started process (PID=15372) to work on /home/gilmar/Documentos/airflowalura/dags/dados_climaticos_OLD.py
[2023-06-21 16:46:59,067] {processor.py:641} INFO - Processing file /home/gilmar/Documentos/airflowalura/dags/dados_climaticos_OLD.py for tasks to queue
[2023-06-21 16:46:59,068] {logging_mixin.py:115} INFO - [2023-06-21 16:46:59,068] {dagbag.py:507} INFO - Filling up the DagBag from /home/gilmar/Documentos/airflowalura/dags/dados_climaticos_OLD.py
[2023-06-21 16:46:59,283] {processor.py:651} INFO - DAG(s) dict_keys(['dados_climaticos']) retrieved from /home/gilmar/Documentos/airflowalura/dags/dados_climaticos_OLD.py
[2023-06-21 16:46:59,288] {logging_mixin.py:115} INFO - [2023-06-21 16:46:59,287] {dag.py:2379} INFO - Sync 1 DAGs
[2023-06-21 16:46:59,298] {logging_mixin.py:115} INFO - [2023-06-21 16:46:59,298] {dag.py:2927} INFO - Setting next_dagrun for dados_climaticos to 2023-06-19T00:00:00+00:00, run_after=2023-06-26T00:00:00+00:00
[2023-06-21 16:46:59,306] {processor.py:161} INFO - Processing /home/gilmar/Documentos/airflowalura/dags/dados_climaticos_OLD.py took 0.242 seconds
[2023-06-21 16:47:34,565] {processor.py:153} INFO - Started process (PID=15549) to work on /home/gilmar/Documentos/airflowalura/dags/dados_climaticos_OLD.py
[2023-06-21 16:47:34,566] {processor.py:641} INFO - Processing file /home/gilmar/Documentos/airflowalura/dags/dados_climaticos_OLD.py for tasks to queue
[2023-06-21 16:47:34,567] {logging_mixin.py:115} INFO - [2023-06-21 16:47:34,567] {dagbag.py:507} INFO - Filling up the DagBag from /home/gilmar/Documentos/airflowalura/dags/dados_climaticos_OLD.py
[2023-06-21 16:47:34,805] {processor.py:651} INFO - DAG(s) dict_keys(['dados_climaticos']) retrieved from /home/gilmar/Documentos/airflowalura/dags/dados_climaticos_OLD.py
[2023-06-21 16:47:34,830] {logging_mixin.py:115} INFO - [2023-06-21 16:47:34,830] {dag.py:2379} INFO - Sync 1 DAGs
[2023-06-21 16:47:34,841] {logging_mixin.py:115} INFO - [2023-06-21 16:47:34,841] {dag.py:2927} INFO - Setting next_dagrun for dados_climaticos to 2023-06-19T00:00:00+00:00, run_after=2023-06-26T00:00:00+00:00
[2023-06-21 16:47:34,851] {processor.py:161} INFO - Processing /home/gilmar/Documentos/airflowalura/dags/dados_climaticos_OLD.py took 0.288 seconds
[2023-06-21 16:48:06,192] {processor.py:153} INFO - Started process (PID=15710) to work on /home/gilmar/Documentos/airflowalura/dags/dados_climaticos_OLD.py
[2023-06-21 16:48:06,193] {processor.py:641} INFO - Processing file /home/gilmar/Documentos/airflowalura/dags/dados_climaticos_OLD.py for tasks to queue
[2023-06-21 16:48:06,193] {logging_mixin.py:115} INFO - [2023-06-21 16:48:06,193] {dagbag.py:507} INFO - Filling up the DagBag from /home/gilmar/Documentos/airflowalura/dags/dados_climaticos_OLD.py
[2023-06-21 16:48:06,432] {processor.py:651} INFO - DAG(s) dict_keys(['dados_climaticos']) retrieved from /home/gilmar/Documentos/airflowalura/dags/dados_climaticos_OLD.py
[2023-06-21 16:48:06,440] {logging_mixin.py:115} INFO - [2023-06-21 16:48:06,440] {dag.py:2379} INFO - Sync 1 DAGs
[2023-06-21 16:48:06,450] {logging_mixin.py:115} INFO - [2023-06-21 16:48:06,450] {dag.py:2927} INFO - Setting next_dagrun for dados_climaticos to 2023-06-19T00:00:00+00:00, run_after=2023-06-26T00:00:00+00:00
[2023-06-21 16:48:06,459] {processor.py:161} INFO - Processing /home/gilmar/Documentos/airflowalura/dags/dados_climaticos_OLD.py took 0.269 seconds
[2023-06-21 16:48:38,503] {processor.py:153} INFO - Started process (PID=15869) to work on /home/gilmar/Documentos/airflowalura/dags/dados_climaticos_OLD.py
[2023-06-21 16:48:38,504] {processor.py:641} INFO - Processing file /home/gilmar/Documentos/airflowalura/dags/dados_climaticos_OLD.py for tasks to queue
[2023-06-21 16:48:38,505] {logging_mixin.py:115} INFO - [2023-06-21 16:48:38,505] {dagbag.py:507} INFO - Filling up the DagBag from /home/gilmar/Documentos/airflowalura/dags/dados_climaticos_OLD.py
[2023-06-21 16:48:38,727] {processor.py:651} INFO - DAG(s) dict_keys(['dados_climaticos']) retrieved from /home/gilmar/Documentos/airflowalura/dags/dados_climaticos_OLD.py
[2023-06-21 16:48:38,731] {logging_mixin.py:115} INFO - [2023-06-21 16:48:38,731] {dag.py:2379} INFO - Sync 1 DAGs
[2023-06-21 16:48:38,742] {logging_mixin.py:115} INFO - [2023-06-21 16:48:38,742] {dag.py:2927} INFO - Setting next_dagrun for dados_climaticos to 2023-06-19T00:00:00+00:00, run_after=2023-06-26T00:00:00+00:00
[2023-06-21 16:48:38,750] {processor.py:161} INFO - Processing /home/gilmar/Documentos/airflowalura/dags/dados_climaticos_OLD.py took 0.251 seconds
[2023-06-21 16:49:15,467] {processor.py:153} INFO - Started process (PID=16051) to work on /home/gilmar/Documentos/airflowalura/dags/dados_climaticos_OLD.py
[2023-06-21 16:49:15,468] {processor.py:641} INFO - Processing file /home/gilmar/Documentos/airflowalura/dags/dados_climaticos_OLD.py for tasks to queue
[2023-06-21 16:49:15,468] {logging_mixin.py:115} INFO - [2023-06-21 16:49:15,468] {dagbag.py:507} INFO - Filling up the DagBag from /home/gilmar/Documentos/airflowalura/dags/dados_climaticos_OLD.py
[2023-06-21 16:49:15,697] {processor.py:651} INFO - DAG(s) dict_keys(['dados_climaticos']) retrieved from /home/gilmar/Documentos/airflowalura/dags/dados_climaticos_OLD.py
[2023-06-21 16:49:15,723] {logging_mixin.py:115} INFO - [2023-06-21 16:49:15,723] {dag.py:2379} INFO - Sync 1 DAGs
[2023-06-21 16:49:15,735] {logging_mixin.py:115} INFO - [2023-06-21 16:49:15,735] {dag.py:2927} INFO - Setting next_dagrun for dados_climaticos to 2023-06-19T00:00:00+00:00, run_after=2023-06-26T00:00:00+00:00
[2023-06-21 16:49:15,744] {processor.py:161} INFO - Processing /home/gilmar/Documentos/airflowalura/dags/dados_climaticos_OLD.py took 0.280 seconds
[2023-06-21 16:49:49,182] {processor.py:153} INFO - Started process (PID=16219) to work on /home/gilmar/Documentos/airflowalura/dags/dados_climaticos_OLD.py
[2023-06-21 16:49:49,183] {processor.py:641} INFO - Processing file /home/gilmar/Documentos/airflowalura/dags/dados_climaticos_OLD.py for tasks to queue
[2023-06-21 16:49:49,183] {logging_mixin.py:115} INFO - [2023-06-21 16:49:49,183] {dagbag.py:507} INFO - Filling up the DagBag from /home/gilmar/Documentos/airflowalura/dags/dados_climaticos_OLD.py
[2023-06-21 16:49:49,401] {processor.py:651} INFO - DAG(s) dict_keys(['dados_climaticos']) retrieved from /home/gilmar/Documentos/airflowalura/dags/dados_climaticos_OLD.py
[2023-06-21 16:49:49,409] {logging_mixin.py:115} INFO - [2023-06-21 16:49:49,408] {dag.py:2379} INFO - Sync 1 DAGs
[2023-06-21 16:49:49,419] {logging_mixin.py:115} INFO - [2023-06-21 16:49:49,419] {dag.py:2927} INFO - Setting next_dagrun for dados_climaticos to 2023-06-19T00:00:00+00:00, run_after=2023-06-26T00:00:00+00:00
[2023-06-21 16:49:49,426] {processor.py:161} INFO - Processing /home/gilmar/Documentos/airflowalura/dags/dados_climaticos_OLD.py took 0.247 seconds
[2023-06-21 16:50:23,358] {processor.py:153} INFO - Started process (PID=16387) to work on /home/gilmar/Documentos/airflowalura/dags/dados_climaticos_OLD.py
[2023-06-21 16:50:23,360] {processor.py:641} INFO - Processing file /home/gilmar/Documentos/airflowalura/dags/dados_climaticos_OLD.py for tasks to queue
[2023-06-21 16:50:23,361] {logging_mixin.py:115} INFO - [2023-06-21 16:50:23,361] {dagbag.py:507} INFO - Filling up the DagBag from /home/gilmar/Documentos/airflowalura/dags/dados_climaticos_OLD.py
[2023-06-21 16:50:23,590] {processor.py:651} INFO - DAG(s) dict_keys(['dados_climaticos']) retrieved from /home/gilmar/Documentos/airflowalura/dags/dados_climaticos_OLD.py
[2023-06-21 16:50:23,594] {logging_mixin.py:115} INFO - [2023-06-21 16:50:23,594] {dag.py:2379} INFO - Sync 1 DAGs
[2023-06-21 16:50:23,604] {logging_mixin.py:115} INFO - [2023-06-21 16:50:23,604] {dag.py:2927} INFO - Setting next_dagrun for dados_climaticos to 2023-06-19T00:00:00+00:00, run_after=2023-06-26T00:00:00+00:00
[2023-06-21 16:50:23,612] {processor.py:161} INFO - Processing /home/gilmar/Documentos/airflowalura/dags/dados_climaticos_OLD.py took 0.262 seconds
[2023-06-21 16:50:54,726] {processor.py:153} INFO - Started process (PID=16542) to work on /home/gilmar/Documentos/airflowalura/dags/dados_climaticos_OLD.py
[2023-06-21 16:50:54,726] {processor.py:641} INFO - Processing file /home/gilmar/Documentos/airflowalura/dags/dados_climaticos_OLD.py for tasks to queue
[2023-06-21 16:50:54,727] {logging_mixin.py:115} INFO - [2023-06-21 16:50:54,727] {dagbag.py:507} INFO - Filling up the DagBag from /home/gilmar/Documentos/airflowalura/dags/dados_climaticos_OLD.py
[2023-06-21 16:50:54,942] {processor.py:651} INFO - DAG(s) dict_keys(['dados_climaticos']) retrieved from /home/gilmar/Documentos/airflowalura/dags/dados_climaticos_OLD.py
[2023-06-21 16:50:54,967] {logging_mixin.py:115} INFO - [2023-06-21 16:50:54,967] {dag.py:2379} INFO - Sync 1 DAGs
[2023-06-21 16:50:54,977] {logging_mixin.py:115} INFO - [2023-06-21 16:50:54,977] {dag.py:2927} INFO - Setting next_dagrun for dados_climaticos to 2023-06-19T00:00:00+00:00, run_after=2023-06-26T00:00:00+00:00
[2023-06-21 16:50:54,986] {processor.py:161} INFO - Processing /home/gilmar/Documentos/airflowalura/dags/dados_climaticos_OLD.py took 0.262 seconds
[2023-06-21 16:51:28,269] {processor.py:153} INFO - Started process (PID=16707) to work on /home/gilmar/Documentos/airflowalura/dags/dados_climaticos_OLD.py
[2023-06-21 16:51:28,269] {processor.py:641} INFO - Processing file /home/gilmar/Documentos/airflowalura/dags/dados_climaticos_OLD.py for tasks to queue
[2023-06-21 16:51:28,270] {logging_mixin.py:115} INFO - [2023-06-21 16:51:28,270] {dagbag.py:507} INFO - Filling up the DagBag from /home/gilmar/Documentos/airflowalura/dags/dados_climaticos_OLD.py
[2023-06-21 16:51:28,490] {processor.py:651} INFO - DAG(s) dict_keys(['dados_climaticos']) retrieved from /home/gilmar/Documentos/airflowalura/dags/dados_climaticos_OLD.py
[2023-06-21 16:51:28,497] {logging_mixin.py:115} INFO - [2023-06-21 16:51:28,497] {dag.py:2379} INFO - Sync 1 DAGs
[2023-06-21 16:51:28,508] {logging_mixin.py:115} INFO - [2023-06-21 16:51:28,508] {dag.py:2927} INFO - Setting next_dagrun for dados_climaticos to 2023-06-19T00:00:00+00:00, run_after=2023-06-26T00:00:00+00:00
[2023-06-21 16:51:28,515] {processor.py:161} INFO - Processing /home/gilmar/Documentos/airflowalura/dags/dados_climaticos_OLD.py took 0.249 seconds
[2023-06-21 16:52:05,571] {processor.py:153} INFO - Started process (PID=16893) to work on /home/gilmar/Documentos/airflowalura/dags/dados_climaticos_OLD.py
[2023-06-21 16:52:05,572] {processor.py:641} INFO - Processing file /home/gilmar/Documentos/airflowalura/dags/dados_climaticos_OLD.py for tasks to queue
[2023-06-21 16:52:05,572] {logging_mixin.py:115} INFO - [2023-06-21 16:52:05,572] {dagbag.py:507} INFO - Filling up the DagBag from /home/gilmar/Documentos/airflowalura/dags/dados_climaticos_OLD.py
[2023-06-21 16:52:05,790] {processor.py:651} INFO - DAG(s) dict_keys(['dados_climaticos']) retrieved from /home/gilmar/Documentos/airflowalura/dags/dados_climaticos_OLD.py
[2023-06-21 16:52:05,794] {logging_mixin.py:115} INFO - [2023-06-21 16:52:05,794] {dag.py:2379} INFO - Sync 1 DAGs
[2023-06-21 16:52:05,805] {logging_mixin.py:115} INFO - [2023-06-21 16:52:05,805] {dag.py:2927} INFO - Setting next_dagrun for dados_climaticos to 2023-06-19T00:00:00+00:00, run_after=2023-06-26T00:00:00+00:00
[2023-06-21 16:52:05,813] {processor.py:161} INFO - Processing /home/gilmar/Documentos/airflowalura/dags/dados_climaticos_OLD.py took 0.244 seconds
[2023-06-21 16:52:41,403] {processor.py:153} INFO - Started process (PID=17071) to work on /home/gilmar/Documentos/airflowalura/dags/dados_climaticos_OLD.py
[2023-06-21 16:52:41,404] {processor.py:641} INFO - Processing file /home/gilmar/Documentos/airflowalura/dags/dados_climaticos_OLD.py for tasks to queue
[2023-06-21 16:52:41,405] {logging_mixin.py:115} INFO - [2023-06-21 16:52:41,405] {dagbag.py:507} INFO - Filling up the DagBag from /home/gilmar/Documentos/airflowalura/dags/dados_climaticos_OLD.py
[2023-06-21 16:52:41,631] {processor.py:651} INFO - DAG(s) dict_keys(['dados_climaticos']) retrieved from /home/gilmar/Documentos/airflowalura/dags/dados_climaticos_OLD.py
[2023-06-21 16:52:41,657] {logging_mixin.py:115} INFO - [2023-06-21 16:52:41,657] {dag.py:2379} INFO - Sync 1 DAGs
[2023-06-21 16:52:41,666] {logging_mixin.py:115} INFO - [2023-06-21 16:52:41,666] {dag.py:2927} INFO - Setting next_dagrun for dados_climaticos to 2023-06-19T00:00:00+00:00, run_after=2023-06-26T00:00:00+00:00
[2023-06-21 16:52:41,675] {processor.py:161} INFO - Processing /home/gilmar/Documentos/airflowalura/dags/dados_climaticos_OLD.py took 0.278 seconds
[2023-06-21 16:53:12,904] {processor.py:153} INFO - Started process (PID=17224) to work on /home/gilmar/Documentos/airflowalura/dags/dados_climaticos_OLD.py
[2023-06-21 16:53:12,905] {processor.py:641} INFO - Processing file /home/gilmar/Documentos/airflowalura/dags/dados_climaticos_OLD.py for tasks to queue
[2023-06-21 16:53:12,905] {logging_mixin.py:115} INFO - [2023-06-21 16:53:12,905] {dagbag.py:507} INFO - Filling up the DagBag from /home/gilmar/Documentos/airflowalura/dags/dados_climaticos_OLD.py
[2023-06-21 16:53:13,124] {processor.py:651} INFO - DAG(s) dict_keys(['dados_climaticos']) retrieved from /home/gilmar/Documentos/airflowalura/dags/dados_climaticos_OLD.py
[2023-06-21 16:53:13,132] {logging_mixin.py:115} INFO - [2023-06-21 16:53:13,131] {dag.py:2379} INFO - Sync 1 DAGs
[2023-06-21 16:53:13,142] {logging_mixin.py:115} INFO - [2023-06-21 16:53:13,142] {dag.py:2927} INFO - Setting next_dagrun for dados_climaticos to 2023-06-19T00:00:00+00:00, run_after=2023-06-26T00:00:00+00:00
[2023-06-21 16:53:13,150] {processor.py:161} INFO - Processing /home/gilmar/Documentos/airflowalura/dags/dados_climaticos_OLD.py took 0.249 seconds
[2023-06-21 16:53:45,449] {processor.py:153} INFO - Started process (PID=17381) to work on /home/gilmar/Documentos/airflowalura/dags/dados_climaticos_OLD.py
[2023-06-21 16:53:45,450] {processor.py:641} INFO - Processing file /home/gilmar/Documentos/airflowalura/dags/dados_climaticos_OLD.py for tasks to queue
[2023-06-21 16:53:45,450] {logging_mixin.py:115} INFO - [2023-06-21 16:53:45,450] {dagbag.py:507} INFO - Filling up the DagBag from /home/gilmar/Documentos/airflowalura/dags/dados_climaticos_OLD.py
[2023-06-21 16:53:45,683] {processor.py:651} INFO - DAG(s) dict_keys(['dados_climaticos']) retrieved from /home/gilmar/Documentos/airflowalura/dags/dados_climaticos_OLD.py
[2023-06-21 16:53:45,687] {logging_mixin.py:115} INFO - [2023-06-21 16:53:45,687] {dag.py:2379} INFO - Sync 1 DAGs
[2023-06-21 16:53:45,698] {logging_mixin.py:115} INFO - [2023-06-21 16:53:45,698] {dag.py:2927} INFO - Setting next_dagrun for dados_climaticos to 2023-06-19T00:00:00+00:00, run_after=2023-06-26T00:00:00+00:00
[2023-06-21 16:53:45,706] {processor.py:161} INFO - Processing /home/gilmar/Documentos/airflowalura/dags/dados_climaticos_OLD.py took 0.260 seconds
[2023-06-21 16:54:18,026] {processor.py:153} INFO - Started process (PID=17552) to work on /home/gilmar/Documentos/airflowalura/dags/dados_climaticos_OLD.py
[2023-06-21 16:54:18,028] {processor.py:641} INFO - Processing file /home/gilmar/Documentos/airflowalura/dags/dados_climaticos_OLD.py for tasks to queue
[2023-06-21 16:54:18,029] {logging_mixin.py:115} INFO - [2023-06-21 16:54:18,029] {dagbag.py:507} INFO - Filling up the DagBag from /home/gilmar/Documentos/airflowalura/dags/dados_climaticos_OLD.py
[2023-06-21 16:54:18,250] {processor.py:651} INFO - DAG(s) dict_keys(['dados_climaticos']) retrieved from /home/gilmar/Documentos/airflowalura/dags/dados_climaticos_OLD.py
[2023-06-21 16:54:18,275] {logging_mixin.py:115} INFO - [2023-06-21 16:54:18,275] {dag.py:2379} INFO - Sync 1 DAGs
[2023-06-21 16:54:18,285] {logging_mixin.py:115} INFO - [2023-06-21 16:54:18,285] {dag.py:2927} INFO - Setting next_dagrun for dados_climaticos to 2023-06-19T00:00:00+00:00, run_after=2023-06-26T00:00:00+00:00
[2023-06-21 16:54:18,296] {processor.py:161} INFO - Processing /home/gilmar/Documentos/airflowalura/dags/dados_climaticos_OLD.py took 0.274 seconds
[2023-06-21 16:54:51,111] {processor.py:153} INFO - Started process (PID=17715) to work on /home/gilmar/Documentos/airflowalura/dags/dados_climaticos_OLD.py
[2023-06-21 16:54:51,112] {processor.py:641} INFO - Processing file /home/gilmar/Documentos/airflowalura/dags/dados_climaticos_OLD.py for tasks to queue
[2023-06-21 16:54:51,112] {logging_mixin.py:115} INFO - [2023-06-21 16:54:51,112] {dagbag.py:507} INFO - Filling up the DagBag from /home/gilmar/Documentos/airflowalura/dags/dados_climaticos_OLD.py
[2023-06-21 16:54:51,340] {processor.py:651} INFO - DAG(s) dict_keys(['dados_climaticos']) retrieved from /home/gilmar/Documentos/airflowalura/dags/dados_climaticos_OLD.py
[2023-06-21 16:54:51,347] {logging_mixin.py:115} INFO - [2023-06-21 16:54:51,347] {dag.py:2379} INFO - Sync 1 DAGs
[2023-06-21 16:54:51,360] {logging_mixin.py:115} INFO - [2023-06-21 16:54:51,360] {dag.py:2927} INFO - Setting next_dagrun for dados_climaticos to 2023-06-19T00:00:00+00:00, run_after=2023-06-26T00:00:00+00:00
[2023-06-21 16:54:51,368] {processor.py:161} INFO - Processing /home/gilmar/Documentos/airflowalura/dags/dados_climaticos_OLD.py took 0.259 seconds
[2023-06-21 16:55:22,289] {processor.py:153} INFO - Started process (PID=17874) to work on /home/gilmar/Documentos/airflowalura/dags/dados_climaticos_OLD.py
[2023-06-21 16:55:22,290] {processor.py:641} INFO - Processing file /home/gilmar/Documentos/airflowalura/dags/dados_climaticos_OLD.py for tasks to queue
[2023-06-21 16:55:22,290] {logging_mixin.py:115} INFO - [2023-06-21 16:55:22,290] {dagbag.py:507} INFO - Filling up the DagBag from /home/gilmar/Documentos/airflowalura/dags/dados_climaticos_OLD.py
[2023-06-21 16:55:22,511] {processor.py:651} INFO - DAG(s) dict_keys(['dados_climaticos']) retrieved from /home/gilmar/Documentos/airflowalura/dags/dados_climaticos_OLD.py
[2023-06-21 16:55:22,516] {logging_mixin.py:115} INFO - [2023-06-21 16:55:22,516] {dag.py:2379} INFO - Sync 1 DAGs
[2023-06-21 16:55:22,526] {logging_mixin.py:115} INFO - [2023-06-21 16:55:22,526] {dag.py:2927} INFO - Setting next_dagrun for dados_climaticos to 2023-06-19T00:00:00+00:00, run_after=2023-06-26T00:00:00+00:00
[2023-06-21 16:55:22,535] {processor.py:161} INFO - Processing /home/gilmar/Documentos/airflowalura/dags/dados_climaticos_OLD.py took 0.249 seconds
[2023-06-21 16:55:54,261] {processor.py:153} INFO - Started process (PID=18031) to work on /home/gilmar/Documentos/airflowalura/dags/dados_climaticos_OLD.py
[2023-06-21 16:55:54,262] {processor.py:641} INFO - Processing file /home/gilmar/Documentos/airflowalura/dags/dados_climaticos_OLD.py for tasks to queue
[2023-06-21 16:55:54,262] {logging_mixin.py:115} INFO - [2023-06-21 16:55:54,262] {dagbag.py:507} INFO - Filling up the DagBag from /home/gilmar/Documentos/airflowalura/dags/dados_climaticos_OLD.py
[2023-06-21 16:55:54,500] {processor.py:651} INFO - DAG(s) dict_keys(['dados_climaticos']) retrieved from /home/gilmar/Documentos/airflowalura/dags/dados_climaticos_OLD.py
[2023-06-21 16:55:54,528] {logging_mixin.py:115} INFO - [2023-06-21 16:55:54,528] {dag.py:2379} INFO - Sync 1 DAGs
[2023-06-21 16:55:54,538] {logging_mixin.py:115} INFO - [2023-06-21 16:55:54,538] {dag.py:2927} INFO - Setting next_dagrun for dados_climaticos to 2023-06-19T00:00:00+00:00, run_after=2023-06-26T00:00:00+00:00
[2023-06-21 16:55:54,546] {processor.py:161} INFO - Processing /home/gilmar/Documentos/airflowalura/dags/dados_climaticos_OLD.py took 0.288 seconds
[2023-06-21 16:56:30,318] {processor.py:153} INFO - Started process (PID=18207) to work on /home/gilmar/Documentos/airflowalura/dags/dados_climaticos_OLD.py
[2023-06-21 16:56:30,320] {processor.py:641} INFO - Processing file /home/gilmar/Documentos/airflowalura/dags/dados_climaticos_OLD.py for tasks to queue
[2023-06-21 16:56:30,321] {logging_mixin.py:115} INFO - [2023-06-21 16:56:30,321] {dagbag.py:507} INFO - Filling up the DagBag from /home/gilmar/Documentos/airflowalura/dags/dados_climaticos_OLD.py
[2023-06-21 16:56:30,548] {processor.py:651} INFO - DAG(s) dict_keys(['dados_climaticos']) retrieved from /home/gilmar/Documentos/airflowalura/dags/dados_climaticos_OLD.py
[2023-06-21 16:56:30,556] {logging_mixin.py:115} INFO - [2023-06-21 16:56:30,556] {dag.py:2379} INFO - Sync 1 DAGs
[2023-06-21 16:56:30,567] {logging_mixin.py:115} INFO - [2023-06-21 16:56:30,567] {dag.py:2927} INFO - Setting next_dagrun for dados_climaticos to 2023-06-19T00:00:00+00:00, run_after=2023-06-26T00:00:00+00:00
[2023-06-21 16:56:30,576] {processor.py:161} INFO - Processing /home/gilmar/Documentos/airflowalura/dags/dados_climaticos_OLD.py took 0.264 seconds
[2023-06-21 16:57:00,712] {processor.py:153} INFO - Started process (PID=18364) to work on /home/gilmar/Documentos/airflowalura/dags/dados_climaticos_OLD.py
[2023-06-21 16:57:00,713] {processor.py:641} INFO - Processing file /home/gilmar/Documentos/airflowalura/dags/dados_climaticos_OLD.py for tasks to queue
[2023-06-21 16:57:00,714] {logging_mixin.py:115} INFO - [2023-06-21 16:57:00,714] {dagbag.py:507} INFO - Filling up the DagBag from /home/gilmar/Documentos/airflowalura/dags/dados_climaticos_OLD.py
[2023-06-21 16:57:00,952] {processor.py:651} INFO - DAG(s) dict_keys(['dados_climaticos']) retrieved from /home/gilmar/Documentos/airflowalura/dags/dados_climaticos_OLD.py
[2023-06-21 16:57:00,956] {logging_mixin.py:115} INFO - [2023-06-21 16:57:00,956] {dag.py:2379} INFO - Sync 1 DAGs
[2023-06-21 16:57:00,967] {logging_mixin.py:115} INFO - [2023-06-21 16:57:00,967] {dag.py:2927} INFO - Setting next_dagrun for dados_climaticos to 2023-06-19T00:00:00+00:00, run_after=2023-06-26T00:00:00+00:00
[2023-06-21 16:57:00,975] {processor.py:161} INFO - Processing /home/gilmar/Documentos/airflowalura/dags/dados_climaticos_OLD.py took 0.269 seconds
[2023-06-21 16:57:33,465] {processor.py:153} INFO - Started process (PID=18529) to work on /home/gilmar/Documentos/airflowalura/dags/dados_climaticos_OLD.py
[2023-06-21 16:57:33,466] {processor.py:641} INFO - Processing file /home/gilmar/Documentos/airflowalura/dags/dados_climaticos_OLD.py for tasks to queue
[2023-06-21 16:57:33,466] {logging_mixin.py:115} INFO - [2023-06-21 16:57:33,466] {dagbag.py:507} INFO - Filling up the DagBag from /home/gilmar/Documentos/airflowalura/dags/dados_climaticos_OLD.py
[2023-06-21 16:57:33,704] {processor.py:651} INFO - DAG(s) dict_keys(['dados_climaticos']) retrieved from /home/gilmar/Documentos/airflowalura/dags/dados_climaticos_OLD.py
[2023-06-21 16:57:33,731] {logging_mixin.py:115} INFO - [2023-06-21 16:57:33,731] {dag.py:2379} INFO - Sync 1 DAGs
[2023-06-21 16:57:33,741] {logging_mixin.py:115} INFO - [2023-06-21 16:57:33,741] {dag.py:2927} INFO - Setting next_dagrun for dados_climaticos to 2023-06-19T00:00:00+00:00, run_after=2023-06-26T00:00:00+00:00
[2023-06-21 16:57:33,751] {processor.py:161} INFO - Processing /home/gilmar/Documentos/airflowalura/dags/dados_climaticos_OLD.py took 0.290 seconds
[2023-06-21 16:58:10,550] {processor.py:153} INFO - Started process (PID=18711) to work on /home/gilmar/Documentos/airflowalura/dags/dados_climaticos_OLD.py
[2023-06-21 16:58:10,551] {processor.py:641} INFO - Processing file /home/gilmar/Documentos/airflowalura/dags/dados_climaticos_OLD.py for tasks to queue
[2023-06-21 16:58:10,552] {logging_mixin.py:115} INFO - [2023-06-21 16:58:10,552] {dagbag.py:507} INFO - Filling up the DagBag from /home/gilmar/Documentos/airflowalura/dags/dados_climaticos_OLD.py
[2023-06-21 16:58:10,782] {processor.py:651} INFO - DAG(s) dict_keys(['dados_climaticos']) retrieved from /home/gilmar/Documentos/airflowalura/dags/dados_climaticos_OLD.py
[2023-06-21 16:58:10,790] {logging_mixin.py:115} INFO - [2023-06-21 16:58:10,790] {dag.py:2379} INFO - Sync 1 DAGs
[2023-06-21 16:58:10,800] {logging_mixin.py:115} INFO - [2023-06-21 16:58:10,800] {dag.py:2927} INFO - Setting next_dagrun for dados_climaticos to 2023-06-19T00:00:00+00:00, run_after=2023-06-26T00:00:00+00:00
[2023-06-21 16:58:10,809] {processor.py:161} INFO - Processing /home/gilmar/Documentos/airflowalura/dags/dados_climaticos_OLD.py took 0.262 seconds
[2023-06-21 16:58:45,174] {processor.py:153} INFO - Started process (PID=18885) to work on /home/gilmar/Documentos/airflowalura/dags/dados_climaticos_OLD.py
[2023-06-21 16:58:45,175] {processor.py:641} INFO - Processing file /home/gilmar/Documentos/airflowalura/dags/dados_climaticos_OLD.py for tasks to queue
[2023-06-21 16:58:45,176] {logging_mixin.py:115} INFO - [2023-06-21 16:58:45,176] {dagbag.py:507} INFO - Filling up the DagBag from /home/gilmar/Documentos/airflowalura/dags/dados_climaticos_OLD.py
[2023-06-21 16:58:45,392] {processor.py:651} INFO - DAG(s) dict_keys(['dados_climaticos']) retrieved from /home/gilmar/Documentos/airflowalura/dags/dados_climaticos_OLD.py
[2023-06-21 16:58:45,396] {logging_mixin.py:115} INFO - [2023-06-21 16:58:45,396] {dag.py:2379} INFO - Sync 1 DAGs
[2023-06-21 16:58:45,406] {logging_mixin.py:115} INFO - [2023-06-21 16:58:45,406] {dag.py:2927} INFO - Setting next_dagrun for dados_climaticos to 2023-06-19T00:00:00+00:00, run_after=2023-06-26T00:00:00+00:00
[2023-06-21 16:58:45,414] {processor.py:161} INFO - Processing /home/gilmar/Documentos/airflowalura/dags/dados_climaticos_OLD.py took 0.242 seconds
[2023-06-21 16:59:16,893] {processor.py:153} INFO - Started process (PID=19042) to work on /home/gilmar/Documentos/airflowalura/dags/dados_climaticos_OLD.py
[2023-06-21 16:59:16,894] {processor.py:641} INFO - Processing file /home/gilmar/Documentos/airflowalura/dags/dados_climaticos_OLD.py for tasks to queue
[2023-06-21 16:59:16,894] {logging_mixin.py:115} INFO - [2023-06-21 16:59:16,894] {dagbag.py:507} INFO - Filling up the DagBag from /home/gilmar/Documentos/airflowalura/dags/dados_climaticos_OLD.py
[2023-06-21 16:59:17,112] {processor.py:651} INFO - DAG(s) dict_keys(['dados_climaticos']) retrieved from /home/gilmar/Documentos/airflowalura/dags/dados_climaticos_OLD.py
[2023-06-21 16:59:17,137] {logging_mixin.py:115} INFO - [2023-06-21 16:59:17,137] {dag.py:2379} INFO - Sync 1 DAGs
[2023-06-21 16:59:17,147] {logging_mixin.py:115} INFO - [2023-06-21 16:59:17,147] {dag.py:2927} INFO - Setting next_dagrun for dados_climaticos to 2023-06-19T00:00:00+00:00, run_after=2023-06-26T00:00:00+00:00
[2023-06-21 16:59:17,157] {processor.py:161} INFO - Processing /home/gilmar/Documentos/airflowalura/dags/dados_climaticos_OLD.py took 0.266 seconds
[2023-06-21 16:59:54,415] {processor.py:153} INFO - Started process (PID=19226) to work on /home/gilmar/Documentos/airflowalura/dags/dados_climaticos_OLD.py
[2023-06-21 16:59:54,416] {processor.py:641} INFO - Processing file /home/gilmar/Documentos/airflowalura/dags/dados_climaticos_OLD.py for tasks to queue
[2023-06-21 16:59:54,416] {logging_mixin.py:115} INFO - [2023-06-21 16:59:54,416] {dagbag.py:507} INFO - Filling up the DagBag from /home/gilmar/Documentos/airflowalura/dags/dados_climaticos_OLD.py
[2023-06-21 16:59:54,639] {processor.py:651} INFO - DAG(s) dict_keys(['dados_climaticos']) retrieved from /home/gilmar/Documentos/airflowalura/dags/dados_climaticos_OLD.py
[2023-06-21 16:59:54,646] {logging_mixin.py:115} INFO - [2023-06-21 16:59:54,646] {dag.py:2379} INFO - Sync 1 DAGs
[2023-06-21 16:59:54,656] {logging_mixin.py:115} INFO - [2023-06-21 16:59:54,656] {dag.py:2927} INFO - Setting next_dagrun for dados_climaticos to 2023-06-19T00:00:00+00:00, run_after=2023-06-26T00:00:00+00:00
[2023-06-21 16:59:54,664] {processor.py:161} INFO - Processing /home/gilmar/Documentos/airflowalura/dags/dados_climaticos_OLD.py took 0.254 seconds
[2023-06-21 17:00:25,156] {processor.py:153} INFO - Started process (PID=19377) to work on /home/gilmar/Documentos/airflowalura/dags/dados_climaticos_OLD.py
[2023-06-21 17:00:25,156] {processor.py:641} INFO - Processing file /home/gilmar/Documentos/airflowalura/dags/dados_climaticos_OLD.py for tasks to queue
[2023-06-21 17:00:25,157] {logging_mixin.py:115} INFO - [2023-06-21 17:00:25,157] {dagbag.py:507} INFO - Filling up the DagBag from /home/gilmar/Documentos/airflowalura/dags/dados_climaticos_OLD.py
[2023-06-21 17:00:25,373] {processor.py:651} INFO - DAG(s) dict_keys(['dados_climaticos']) retrieved from /home/gilmar/Documentos/airflowalura/dags/dados_climaticos_OLD.py
[2023-06-21 17:00:25,377] {logging_mixin.py:115} INFO - [2023-06-21 17:00:25,377] {dag.py:2379} INFO - Sync 1 DAGs
[2023-06-21 17:00:25,388] {logging_mixin.py:115} INFO - [2023-06-21 17:00:25,388] {dag.py:2927} INFO - Setting next_dagrun for dados_climaticos to 2023-06-19T00:00:00+00:00, run_after=2023-06-26T00:00:00+00:00
[2023-06-21 17:00:25,395] {processor.py:161} INFO - Processing /home/gilmar/Documentos/airflowalura/dags/dados_climaticos_OLD.py took 0.242 seconds
[2023-06-21 17:00:57,701] {processor.py:153} INFO - Started process (PID=19537) to work on /home/gilmar/Documentos/airflowalura/dags/dados_climaticos_OLD.py
[2023-06-21 17:00:57,702] {processor.py:641} INFO - Processing file /home/gilmar/Documentos/airflowalura/dags/dados_climaticos_OLD.py for tasks to queue
[2023-06-21 17:00:57,703] {logging_mixin.py:115} INFO - [2023-06-21 17:00:57,703] {dagbag.py:507} INFO - Filling up the DagBag from /home/gilmar/Documentos/airflowalura/dags/dados_climaticos_OLD.py
[2023-06-21 17:00:58,015] {processor.py:651} INFO - DAG(s) dict_keys(['dados_climaticos']) retrieved from /home/gilmar/Documentos/airflowalura/dags/dados_climaticos_OLD.py
[2023-06-21 17:00:58,047] {logging_mixin.py:115} INFO - [2023-06-21 17:00:58,047] {dag.py:2379} INFO - Sync 1 DAGs
[2023-06-21 17:00:58,059] {logging_mixin.py:115} INFO - [2023-06-21 17:00:58,058] {dag.py:2927} INFO - Setting next_dagrun for dados_climaticos to 2023-06-19T00:00:00+00:00, run_after=2023-06-26T00:00:00+00:00
[2023-06-21 17:00:58,071] {processor.py:161} INFO - Processing /home/gilmar/Documentos/airflowalura/dags/dados_climaticos_OLD.py took 0.373 seconds
