[2023-06-20 09:48:59,182] {taskinstance.py:1159} INFO - Dependencies all met for <TaskInstance: example_weekday_branch_operator.make_choice scheduled__2023-06-19T00:00:00+00:00 [queued]>
[2023-06-20 09:48:59,186] {taskinstance.py:1159} INFO - Dependencies all met for <TaskInstance: example_weekday_branch_operator.make_choice scheduled__2023-06-19T00:00:00+00:00 [queued]>
[2023-06-20 09:48:59,186] {taskinstance.py:1356} INFO - 
--------------------------------------------------------------------------------
[2023-06-20 09:48:59,186] {taskinstance.py:1357} INFO - Starting attempt 1 of 1
[2023-06-20 09:48:59,186] {taskinstance.py:1358} INFO - 
--------------------------------------------------------------------------------
[2023-06-20 09:48:59,198] {taskinstance.py:1377} INFO - Executing <Task(BranchDayOfWeekOperator): make_choice> on 2023-06-19 00:00:00+00:00
[2023-06-20 09:48:59,201] {standard_task_runner.py:52} INFO - Started process 29653 to run task
[2023-06-20 09:48:59,205] {standard_task_runner.py:79} INFO - Running: ['airflow', 'tasks', 'run', 'example_weekday_branch_operator', 'make_choice', 'scheduled__2023-06-19T00:00:00+00:00', '--job-id', '4', '--raw', '--subdir', '/home/gilmar/Documentos/airflowalura/venv/lib/python3.9/site-packages/airflow/example_dags/example_branch_day_of_week_operator.py', '--cfg-path', '/tmp/tmp666yiypf', '--error-file', '/tmp/tmpc5_av18o']
[2023-06-20 09:48:59,205] {standard_task_runner.py:80} INFO - Job 4: Subtask make_choice
[2023-06-20 09:48:59,254] {task_command.py:370} INFO - Running <TaskInstance: example_weekday_branch_operator.make_choice scheduled__2023-06-19T00:00:00+00:00 [running]> on host alura
[2023-06-20 09:48:59,294] {taskinstance.py:1569} INFO - Exporting the following env vars:
AIRFLOW_CTX_DAG_OWNER=airflow
AIRFLOW_CTX_DAG_ID=example_weekday_branch_operator
AIRFLOW_CTX_TASK_ID=make_choice
AIRFLOW_CTX_EXECUTION_DATE=2023-06-19T00:00:00+00:00
AIRFLOW_CTX_TRY_NUMBER=1
AIRFLOW_CTX_DAG_RUN_ID=scheduled__2023-06-19T00:00:00+00:00
[2023-06-20 09:48:59,295] {skipmixin.py:140} INFO - Following branch branch_false
[2023-06-20 09:48:59,295] {skipmixin.py:175} INFO - Skipping tasks ['branch_true']
[2023-06-20 09:48:59,324] {taskinstance.py:1395} INFO - Marking task as SUCCESS. dag_id=example_weekday_branch_operator, task_id=make_choice, execution_date=20230619T000000, start_date=20230620T124859, end_date=20230620T124859
[2023-06-20 09:48:59,340] {local_task_job.py:156} INFO - Task exited with return code 0
[2023-06-20 09:48:59,363] {local_task_job.py:273} INFO - 1 downstream tasks scheduled from follow-on schedule check
